C:\Users\swapn\Desktop\ng-news\Ng-News\dist\out-tsc\src\app\app.component.js
C:\Users\swapn\Desktop\ng-news\Ng-News\dist\out-tsc\src\app\app.component.js.map
C:\Users\swapn\Desktop\ng-news\Ng-News\dist\out-tsc\src\app\shared\modals\article-source.js
C:\Users\swapn\Desktop\ng-news\Ng-News\dist\out-tsc\src\app\shared\modals\article-source.js.map
C:\Users\swapn\Desktop\ng-news\Ng-News\dist\out-tsc\src\app\shared\modals\company-logo.js
C:\Users\swapn\Desktop\ng-news\Ng-News\dist\out-tsc\src\app\shared\modals\company-logo.js.map
C:\Users\swapn\Desktop\ng-news\Ng-News\dist\out-tsc\src\app\shared\modals\domain-logo.js
C:\Users\swapn\Desktop\ng-news\Ng-News\dist\out-tsc\src\app\shared\modals\domain-logo.js.map
C:\Users\swapn\Desktop\ng-news\Ng-News\dist\out-tsc\src\app\shared\modals\article.js
C:\Users\swapn\Desktop\ng-news\Ng-News\dist\out-tsc\src\app\shared\modals\article.js.map
C:\Users\swapn\Desktop\ng-news\Ng-News\dist\out-tsc\src\app\shared\services\article-sharing.service.js
C:\Users\swapn\Desktop\ng-news\Ng-News\dist\out-tsc\src\app\shared\services\article-sharing.service.js.map
C:\Users\swapn\Desktop\ng-news\Ng-News\dist\out-tsc\src\app\home\home.component.js
C:\Users\swapn\Desktop\ng-news\Ng-News\dist\out-tsc\src\app\home\home.component.js.map
C:\Users\swapn\Desktop\ng-news\Ng-News\dist\out-tsc\src\app\shared\modals\top-headlines.js
C:\Users\swapn\Desktop\ng-news\Ng-News\dist\out-tsc\src\app\shared\modals\top-headlines.js.map
C:\Users\swapn\Desktop\ng-news\Ng-News\dist\out-tsc\src\app\shared\modals\source.js
C:\Users\swapn\Desktop\ng-news\Ng-News\dist\out-tsc\src\app\shared\modals\source.js.map
C:\Users\swapn\Desktop\ng-news\Ng-News\dist\out-tsc\src\app\shared\modals\searchquerymodal.js
C:\Users\swapn\Desktop\ng-news\Ng-News\dist\out-tsc\src\app\shared\modals\searchquerymodal.js.map
C:\Users\swapn\Desktop\ng-news\Ng-News\dist\out-tsc\src\app\shared\modals\weather.js
C:\Users\swapn\Desktop\ng-news\Ng-News\dist\out-tsc\src\app\shared\modals\weather.js.map
C:\Users\swapn\Desktop\ng-news\Ng-News\dist\out-tsc\src\app\shared\services\apiconnection.service.js
C:\Users\swapn\Desktop\ng-news\Ng-News\dist\out-tsc\src\app\shared\services\apiconnection.service.js.map
C:\Users\swapn\Desktop\ng-news\Ng-News\dist\out-tsc\node_modules\angular-bootstrap-md\inputs\active.class.js
C:\Users\swapn\Desktop\ng-news\Ng-News\dist\out-tsc\node_modules\angular-bootstrap-md\inputs\active.class.js.map
C:\Users\swapn\Desktop\ng-news\Ng-News\dist\out-tsc\node_modules\angular-bootstrap-md\inputs\equal-validator.directive.js
C:\Users\swapn\Desktop\ng-news\Ng-News\dist\out-tsc\node_modules\angular-bootstrap-md\inputs\equal-validator.directive.js.map
C:\Users\swapn\Desktop\ng-news\Ng-News\dist\out-tsc\node_modules\angular-bootstrap-md\inputs\input-validate.directive.js
C:\Users\swapn\Desktop\ng-news\Ng-News\dist\out-tsc\node_modules\angular-bootstrap-md\inputs\input-validate.directive.js.map
C:\Users\swapn\Desktop\ng-news\Ng-News\dist\out-tsc\node_modules\angular-bootstrap-md\inputs\active.module.js
C:\Users\swapn\Desktop\ng-news\Ng-News\dist\out-tsc\node_modules\angular-bootstrap-md\inputs\active.module.js.map
C:\Users\swapn\Desktop\ng-news\Ng-News\dist\out-tsc\node_modules\angular-bootstrap-md\inputs\deep.directive.js
C:\Users\swapn\Desktop\ng-news\Ng-News\dist\out-tsc\node_modules\angular-bootstrap-md\inputs\deep.directive.js.map
C:\Users\swapn\Desktop\ng-news\Ng-News\dist\out-tsc\node_modules\angular-bootstrap-md\inputs\deep.module.js
C:\Users\swapn\Desktop\ng-news\Ng-News\dist\out-tsc\node_modules\angular-bootstrap-md\inputs\deep.module.js.map
C:\Users\swapn\Desktop\ng-news\Ng-News\dist\out-tsc\node_modules\angular-bootstrap-md\inputs\index.js
C:\Users\swapn\Desktop\ng-news\Ng-News\dist\out-tsc\node_modules\angular-bootstrap-md\inputs\index.js.map
C:\Users\swapn\Desktop\ng-news\Ng-News\dist\out-tsc\node_modules\angular-bootstrap-md\buttons\checkbox.directive.js
C:\Users\swapn\Desktop\ng-news\Ng-News\dist\out-tsc\node_modules\angular-bootstrap-md\buttons\checkbox.directive.js.map
C:\Users\swapn\Desktop\ng-news\Ng-News\dist\out-tsc\node_modules\angular-bootstrap-md\buttons\radio.directive.js
C:\Users\swapn\Desktop\ng-news\Ng-News\dist\out-tsc\node_modules\angular-bootstrap-md\buttons\radio.directive.js.map
C:\Users\swapn\Desktop\ng-news\Ng-News\dist\out-tsc\node_modules\angular-bootstrap-md\buttons\buttons.module.js
C:\Users\swapn\Desktop\ng-news\Ng-News\dist\out-tsc\node_modules\angular-bootstrap-md\buttons\buttons.module.js.map
C:\Users\swapn\Desktop\ng-news\Ng-News\dist\out-tsc\node_modules\angular-bootstrap-md\buttons\index.js
C:\Users\swapn\Desktop\ng-news\Ng-News\dist\out-tsc\node_modules\angular-bootstrap-md\buttons\index.js.map
C:\Users\swapn\Desktop\ng-news\Ng-News\dist\out-tsc\node_modules\angular-bootstrap-md\ripple\ripple-effect.directive.js
C:\Users\swapn\Desktop\ng-news\Ng-News\dist\out-tsc\node_modules\angular-bootstrap-md\ripple\ripple-effect.directive.js.map
C:\Users\swapn\Desktop\ng-news\Ng-News\dist\out-tsc\node_modules\angular-bootstrap-md\ripple\ripple.module.js
C:\Users\swapn\Desktop\ng-news\Ng-News\dist\out-tsc\node_modules\angular-bootstrap-md\ripple\ripple.module.js.map
C:\Users\swapn\Desktop\ng-news\Ng-News\dist\out-tsc\node_modules\angular-bootstrap-md\ripple\index.js
C:\Users\swapn\Desktop\ng-news\Ng-News\dist\out-tsc\node_modules\angular-bootstrap-md\ripple\index.js.map
C:\Users\swapn\Desktop\ng-news\Ng-News\dist\out-tsc\node_modules\angular-bootstrap-md\navbars\navbar.service.js
C:\Users\swapn\Desktop\ng-news\Ng-News\dist\out-tsc\node_modules\angular-bootstrap-md\navbars\navbar.service.js.map
C:\Users\swapn\Desktop\ng-news\Ng-News\dist\out-tsc\node_modules\angular-bootstrap-md\navbars\links.component.js
C:\Users\swapn\Desktop\ng-news\Ng-News\dist\out-tsc\node_modules\angular-bootstrap-md\navbars\links.component.js.map
C:\Users\swapn\Desktop\ng-news\Ng-News\dist\out-tsc\node_modules\angular-bootstrap-md\navbars\logo.component.js
C:\Users\swapn\Desktop\ng-news\Ng-News\dist\out-tsc\node_modules\angular-bootstrap-md\navbars\logo.component.js.map
C:\Users\swapn\Desktop\ng-news\Ng-News\dist\out-tsc\node_modules\angular-bootstrap-md\navbars\navbar.component.js
C:\Users\swapn\Desktop\ng-news\Ng-News\dist\out-tsc\node_modules\angular-bootstrap-md\navbars\navbar.component.js.map
C:\Users\swapn\Desktop\ng-news\Ng-News\dist\out-tsc\node_modules\angular-bootstrap-md\navbars\navlinks.component.js
C:\Users\swapn\Desktop\ng-news\Ng-News\dist\out-tsc\node_modules\angular-bootstrap-md\navbars\navlinks.component.js.map
C:\Users\swapn\Desktop\ng-news\Ng-News\dist\out-tsc\node_modules\angular-bootstrap-md\navbars\navbar.module.js
C:\Users\swapn\Desktop\ng-news\Ng-News\dist\out-tsc\node_modules\angular-bootstrap-md\navbars\navbar.module.js.map
C:\Users\swapn\Desktop\ng-news\Ng-News\dist\out-tsc\node_modules\angular-bootstrap-md\navbars\index.js
C:\Users\swapn\Desktop\ng-news\Ng-News\dist\out-tsc\node_modules\angular-bootstrap-md\navbars\index.js.map
C:\Users\swapn\Desktop\ng-news\Ng-News\dist\out-tsc\node_modules\angular-bootstrap-md\utils\positioning\ng-positioning.js
C:\Users\swapn\Desktop\ng-news\Ng-News\dist\out-tsc\node_modules\angular-bootstrap-md\utils\positioning\ng-positioning.js.map
C:\Users\swapn\Desktop\ng-news\Ng-News\dist\out-tsc\node_modules\angular-bootstrap-md\utils\positioning\positioning.service.js
C:\Users\swapn\Desktop\ng-news\Ng-News\dist\out-tsc\node_modules\angular-bootstrap-md\utils\positioning\positioning.service.js.map
C:\Users\swapn\Desktop\ng-news\Ng-News\dist\out-tsc\node_modules\angular-bootstrap-md\utils\positioning\index.js
C:\Users\swapn\Desktop\ng-news\Ng-News\dist\out-tsc\node_modules\angular-bootstrap-md\utils\positioning\index.js.map
C:\Users\swapn\Desktop\ng-news\Ng-News\dist\out-tsc\node_modules\angular-bootstrap-md\utils\trigger.class.js
C:\Users\swapn\Desktop\ng-news\Ng-News\dist\out-tsc\node_modules\angular-bootstrap-md\utils\trigger.class.js.map
C:\Users\swapn\Desktop\ng-news\Ng-News\dist\out-tsc\node_modules\angular-bootstrap-md\utils\triggers.js
C:\Users\swapn\Desktop\ng-news\Ng-News\dist\out-tsc\node_modules\angular-bootstrap-md\utils\triggers.js.map
C:\Users\swapn\Desktop\ng-news\Ng-News\dist\out-tsc\node_modules\angular-bootstrap-md\utils\component-loader\content-ref.class.js
C:\Users\swapn\Desktop\ng-news\Ng-News\dist\out-tsc\node_modules\angular-bootstrap-md\utils\component-loader\content-ref.class.js.map
C:\Users\swapn\Desktop\ng-news\Ng-News\dist\out-tsc\node_modules\angular-bootstrap-md\utils\component-loader\component-loader.class.js
C:\Users\swapn\Desktop\ng-news\Ng-News\dist\out-tsc\node_modules\angular-bootstrap-md\utils\component-loader\component-loader.class.js.map
C:\Users\swapn\Desktop\ng-news\Ng-News\dist\out-tsc\node_modules\angular-bootstrap-md\utils\component-loader\component-loader.factory.js
C:\Users\swapn\Desktop\ng-news\Ng-News\dist\out-tsc\node_modules\angular-bootstrap-md\utils\component-loader\component-loader.factory.js.map
C:\Users\swapn\Desktop\ng-news\Ng-News\dist\out-tsc\node_modules\angular-bootstrap-md\utils\component-loader\index.js
C:\Users\swapn\Desktop\ng-news\Ng-News\dist\out-tsc\node_modules\angular-bootstrap-md\utils\component-loader\index.js.map
C:\Users\swapn\Desktop\ng-news\Ng-News\dist\out-tsc\node_modules\angular-bootstrap-md\dropdown\dropdown.config.js
C:\Users\swapn\Desktop\ng-news\Ng-News\dist\out-tsc\node_modules\angular-bootstrap-md\dropdown\dropdown.config.js.map
C:\Users\swapn\Desktop\ng-news\Ng-News\dist\out-tsc\node_modules\angular-bootstrap-md\utils\component-loader\bs-component-ref.class.js
C:\Users\swapn\Desktop\ng-news\Ng-News\dist\out-tsc\node_modules\angular-bootstrap-md\utils\component-loader\bs-component-ref.class.js.map
C:\Users\swapn\Desktop\ng-news\Ng-News\dist\out-tsc\node_modules\angular-bootstrap-md\dropdown\dropdown.state.js
C:\Users\swapn\Desktop\ng-news\Ng-News\dist\out-tsc\node_modules\angular-bootstrap-md\dropdown\dropdown.state.js.map
C:\Users\swapn\Desktop\ng-news\Ng-News\dist\out-tsc\node_modules\angular-bootstrap-md\dropdown\dropdown-container.component.js
C:\Users\swapn\Desktop\ng-news\Ng-News\dist\out-tsc\node_modules\angular-bootstrap-md\dropdown\dropdown-container.component.js.map
C:\Users\swapn\Desktop\ng-news\Ng-News\dist\out-tsc\node_modules\angular-bootstrap-md\utils\facade\browser.js
C:\Users\swapn\Desktop\ng-news\Ng-News\dist\out-tsc\node_modules\angular-bootstrap-md\utils\facade\browser.js.map
C:\Users\swapn\Desktop\ng-news\Ng-News\dist\out-tsc\node_modules\angular-bootstrap-md\utils\ng2-bootstrap-config.js
C:\Users\swapn\Desktop\ng-news\Ng-News\dist\out-tsc\node_modules\angular-bootstrap-md\utils\ng2-bootstrap-config.js.map
C:\Users\swapn\Desktop\ng-news\Ng-News\dist\out-tsc\node_modules\angular-bootstrap-md\dropdown\dropdown.directive.js
C:\Users\swapn\Desktop\ng-news\Ng-News\dist\out-tsc\node_modules\angular-bootstrap-md\dropdown\dropdown.directive.js.map
C:\Users\swapn\Desktop\ng-news\Ng-News\dist\out-tsc\node_modules\angular-bootstrap-md\dropdown\dropdown-menu.directive.js
C:\Users\swapn\Desktop\ng-news\Ng-News\dist\out-tsc\node_modules\angular-bootstrap-md\dropdown\dropdown-menu.directive.js.map
C:\Users\swapn\Desktop\ng-news\Ng-News\dist\out-tsc\node_modules\angular-bootstrap-md\dropdown\dropdown-toggle.directive.js
C:\Users\swapn\Desktop\ng-news\Ng-News\dist\out-tsc\node_modules\angular-bootstrap-md\dropdown\dropdown-toggle.directive.js.map
C:\Users\swapn\Desktop\ng-news\Ng-News\dist\out-tsc\node_modules\angular-bootstrap-md\dropdown\dropdown.module.js
C:\Users\swapn\Desktop\ng-news\Ng-News\dist\out-tsc\node_modules\angular-bootstrap-md\dropdown\dropdown.module.js.map
C:\Users\swapn\Desktop\ng-news\Ng-News\dist\out-tsc\node_modules\angular-bootstrap-md\dropdown\index.js
C:\Users\swapn\Desktop\ng-news\Ng-News\dist\out-tsc\node_modules\angular-bootstrap-md\dropdown\index.js.map
C:\Users\swapn\Desktop\ng-news\Ng-News\dist\out-tsc\node_modules\angular-bootstrap-md\utils\decorators.js
C:\Users\swapn\Desktop\ng-news\Ng-News\dist\out-tsc\node_modules\angular-bootstrap-md\utils\decorators.js.map
C:\Users\swapn\Desktop\ng-news\Ng-News\dist\out-tsc\node_modules\angular-bootstrap-md\utils\linked-list.class.js
C:\Users\swapn\Desktop\ng-news\Ng-News\dist\out-tsc\node_modules\angular-bootstrap-md\utils\linked-list.class.js.map
C:\Users\swapn\Desktop\ng-news\Ng-News\dist\out-tsc\node_modules\angular-bootstrap-md\utils\utils.class.js
C:\Users\swapn\Desktop\ng-news\Ng-News\dist\out-tsc\node_modules\angular-bootstrap-md\utils\utils.class.js.map
C:\Users\swapn\Desktop\ng-news\Ng-News\dist\out-tsc\node_modules\angular-bootstrap-md\utils\index.js
C:\Users\swapn\Desktop\ng-news\Ng-News\dist\out-tsc\node_modules\angular-bootstrap-md\utils\index.js.map
C:\Users\swapn\Desktop\ng-news\Ng-News\dist\out-tsc\node_modules\angular-bootstrap-md\carousel\slide.component.js
C:\Users\swapn\Desktop\ng-news\Ng-News\dist\out-tsc\node_modules\angular-bootstrap-md\carousel\slide.component.js.map
C:\Users\swapn\Desktop\ng-news\Ng-News\dist\out-tsc\node_modules\angular-bootstrap-md\carousel\carousel.config.js
C:\Users\swapn\Desktop\ng-news\Ng-News\dist\out-tsc\node_modules\angular-bootstrap-md\carousel\carousel.config.js.map
C:\Users\swapn\Desktop\ng-news\Ng-News\dist\out-tsc\node_modules\angular-bootstrap-md\carousel\carousel.component.js
C:\Users\swapn\Desktop\ng-news\Ng-News\dist\out-tsc\node_modules\angular-bootstrap-md\carousel\carousel.component.js.map
C:\Users\swapn\Desktop\ng-news\Ng-News\dist\out-tsc\node_modules\angular-bootstrap-md\carousel\carousel.module.js
C:\Users\swapn\Desktop\ng-news\Ng-News\dist\out-tsc\node_modules\angular-bootstrap-md\carousel\carousel.module.js.map
C:\Users\swapn\Desktop\ng-news\Ng-News\dist\out-tsc\node_modules\angular-bootstrap-md\carousel\index.js
C:\Users\swapn\Desktop\ng-news\Ng-News\dist\out-tsc\node_modules\angular-bootstrap-md\carousel\index.js.map
C:\Users\swapn\Desktop\ng-news\Ng-News\dist\out-tsc\node_modules\angular-bootstrap-md\charts\color.service.js
C:\Users\swapn\Desktop\ng-news\Ng-News\dist\out-tsc\node_modules\angular-bootstrap-md\charts\color.service.js.map
C:\Users\swapn\Desktop\ng-news\Ng-News\dist\out-tsc\node_modules\angular-bootstrap-md\charts\colors.service.js
C:\Users\swapn\Desktop\ng-news\Ng-News\dist\out-tsc\node_modules\angular-bootstrap-md\charts\colors.service.js.map
C:\Users\swapn\Desktop\ng-news\Ng-News\dist\out-tsc\node_modules\angular-bootstrap-md\charts\chart.directive.js
C:\Users\swapn\Desktop\ng-news\Ng-News\dist\out-tsc\node_modules\angular-bootstrap-md\charts\chart.directive.js.map
C:\Users\swapn\Desktop\ng-news\Ng-News\dist\out-tsc\node_modules\angular-bootstrap-md\charts\chart.module.js
C:\Users\swapn\Desktop\ng-news\Ng-News\dist\out-tsc\node_modules\angular-bootstrap-md\charts\chart.module.js.map
C:\Users\swapn\Desktop\ng-news\Ng-News\dist\out-tsc\node_modules\angular-bootstrap-md\charts\index.js
C:\Users\swapn\Desktop\ng-news\Ng-News\dist\out-tsc\node_modules\angular-bootstrap-md\charts\index.js.map
C:\Users\swapn\Desktop\ng-news\Ng-News\dist\out-tsc\node_modules\angular-bootstrap-md\collapse\collapse.directive.js
C:\Users\swapn\Desktop\ng-news\Ng-News\dist\out-tsc\node_modules\angular-bootstrap-md\collapse\collapse.directive.js.map
C:\Users\swapn\Desktop\ng-news\Ng-News\dist\out-tsc\node_modules\angular-bootstrap-md\collapse\collapse.module.js
C:\Users\swapn\Desktop\ng-news\Ng-News\dist\out-tsc\node_modules\angular-bootstrap-md\collapse\collapse.module.js.map
C:\Users\swapn\Desktop\ng-news\Ng-News\dist\out-tsc\node_modules\angular-bootstrap-md\collapse\index.js
C:\Users\swapn\Desktop\ng-news\Ng-News\dist\out-tsc\node_modules\angular-bootstrap-md\collapse\index.js.map
C:\Users\swapn\Desktop\ng-news\Ng-News\dist\out-tsc\node_modules\angular-bootstrap-md\modals\modal.options.js
C:\Users\swapn\Desktop\ng-news\Ng-News\dist\out-tsc\node_modules\angular-bootstrap-md\modals\modal.options.js.map
C:\Users\swapn\Desktop\ng-news\Ng-News\dist\out-tsc\node_modules\angular-bootstrap-md\modals\modalBackdrop.component.js
C:\Users\swapn\Desktop\ng-news\Ng-News\dist\out-tsc\node_modules\angular-bootstrap-md\modals\modalBackdrop.component.js.map
C:\Users\swapn\Desktop\ng-news\Ng-News\dist\out-tsc\node_modules\angular-bootstrap-md\modals\modal.directive.js
C:\Users\swapn\Desktop\ng-news\Ng-News\dist\out-tsc\node_modules\angular-bootstrap-md\modals\modal.directive.js.map
C:\Users\swapn\Desktop\ng-news\Ng-News\dist\out-tsc\node_modules\angular-bootstrap-md\modals\modalService.config.js
C:\Users\swapn\Desktop\ng-news\Ng-News\dist\out-tsc\node_modules\angular-bootstrap-md\modals\modalService.config.js.map
C:\Users\swapn\Desktop\ng-news\Ng-News\dist\out-tsc\node_modules\angular-bootstrap-md\modals\modalContainer.component.js
C:\Users\swapn\Desktop\ng-news\Ng-News\dist\out-tsc\node_modules\angular-bootstrap-md\modals\modalContainer.component.js.map
C:\Users\swapn\Desktop\ng-news\Ng-News\dist\out-tsc\node_modules\angular-bootstrap-md\modals\modal.service.js
C:\Users\swapn\Desktop\ng-news\Ng-News\dist\out-tsc\node_modules\angular-bootstrap-md\modals\modal.service.js.map
C:\Users\swapn\Desktop\ng-news\Ng-News\dist\out-tsc\node_modules\angular-bootstrap-md\modals\modal.module.js
C:\Users\swapn\Desktop\ng-news\Ng-News\dist\out-tsc\node_modules\angular-bootstrap-md\modals\modal.module.js.map
C:\Users\swapn\Desktop\ng-news\Ng-News\dist\out-tsc\node_modules\angular-bootstrap-md\modals\index.js
C:\Users\swapn\Desktop\ng-news\Ng-News\dist\out-tsc\node_modules\angular-bootstrap-md\modals\index.js.map
C:\Users\swapn\Desktop\ng-news\Ng-News\dist\out-tsc\node_modules\angular-bootstrap-md\tooltip\tooltip.service.js
C:\Users\swapn\Desktop\ng-news\Ng-News\dist\out-tsc\node_modules\angular-bootstrap-md\tooltip\tooltip.service.js.map
C:\Users\swapn\Desktop\ng-news\Ng-News\dist\out-tsc\node_modules\angular-bootstrap-md\tooltip\tooltip.component.js
C:\Users\swapn\Desktop\ng-news\Ng-News\dist\out-tsc\node_modules\angular-bootstrap-md\tooltip\tooltip.component.js.map
C:\Users\swapn\Desktop\ng-news\Ng-News\dist\out-tsc\node_modules\angular-bootstrap-md\tooltip\tooltip.directive.js
C:\Users\swapn\Desktop\ng-news\Ng-News\dist\out-tsc\node_modules\angular-bootstrap-md\tooltip\tooltip.directive.js.map
C:\Users\swapn\Desktop\ng-news\Ng-News\dist\out-tsc\node_modules\angular-bootstrap-md\tooltip\tooltip.module.js
C:\Users\swapn\Desktop\ng-news\Ng-News\dist\out-tsc\node_modules\angular-bootstrap-md\tooltip\tooltip.module.js.map
C:\Users\swapn\Desktop\ng-news\Ng-News\dist\out-tsc\node_modules\angular-bootstrap-md\tooltip\index.js
C:\Users\swapn\Desktop\ng-news\Ng-News\dist\out-tsc\node_modules\angular-bootstrap-md\tooltip\index.js.map
C:\Users\swapn\Desktop\ng-news\Ng-News\dist\out-tsc\node_modules\angular-bootstrap-md\popover\popover.config.js
C:\Users\swapn\Desktop\ng-news\Ng-News\dist\out-tsc\node_modules\angular-bootstrap-md\popover\popover.config.js.map
C:\Users\swapn\Desktop\ng-news\Ng-News\dist\out-tsc\node_modules\angular-bootstrap-md\popover\popover-container.component.js
C:\Users\swapn\Desktop\ng-news\Ng-News\dist\out-tsc\node_modules\angular-bootstrap-md\popover\popover-container.component.js.map
C:\Users\swapn\Desktop\ng-news\Ng-News\dist\out-tsc\node_modules\angular-bootstrap-md\popover\popover.directive.js
C:\Users\swapn\Desktop\ng-news\Ng-News\dist\out-tsc\node_modules\angular-bootstrap-md\popover\popover.directive.js.map
C:\Users\swapn\Desktop\ng-news\Ng-News\dist\out-tsc\node_modules\angular-bootstrap-md\popover\popover.module.js
C:\Users\swapn\Desktop\ng-news\Ng-News\dist\out-tsc\node_modules\angular-bootstrap-md\popover\popover.module.js.map
C:\Users\swapn\Desktop\ng-news\Ng-News\dist\out-tsc\node_modules\angular-bootstrap-md\popover\index.js
C:\Users\swapn\Desktop\ng-news\Ng-News\dist\out-tsc\node_modules\angular-bootstrap-md\popover\index.js.map
C:\Users\swapn\Desktop\ng-news\Ng-News\dist\out-tsc\node_modules\angular-bootstrap-md\index.js
C:\Users\swapn\Desktop\ng-news\Ng-News\dist\out-tsc\node_modules\angular-bootstrap-md\index.js.map
C:\Users\swapn\Desktop\ng-news\Ng-News\dist\out-tsc\src\app\shared\modals\searchboxquery-modal.js
C:\Users\swapn\Desktop\ng-news\Ng-News\dist\out-tsc\src\app\shared\modals\searchboxquery-modal.js.map
C:\Users\swapn\Desktop\ng-news\Ng-News\dist\out-tsc\src\app\shared\modals\userinfo.js
C:\Users\swapn\Desktop\ng-news\Ng-News\dist\out-tsc\src\app\shared\modals\userinfo.js.map
C:\Users\swapn\Desktop\ng-news\Ng-News\dist\out-tsc\src\app\shared\services\auth.service.js
C:\Users\swapn\Desktop\ng-news\Ng-News\dist\out-tsc\src\app\shared\services\auth.service.js.map
C:\Users\swapn\Desktop\ng-news\Ng-News\dist\out-tsc\src\app\dashboard\dashboard.component.js
C:\Users\swapn\Desktop\ng-news\Ng-News\dist\out-tsc\src\app\dashboard\dashboard.component.js.map
C:\Users\swapn\Desktop\ng-news\Ng-News\dist\out-tsc\src\app\sidenav\sidenav.component.js
C:\Users\swapn\Desktop\ng-news\Ng-News\dist\out-tsc\src\app\sidenav\sidenav.component.js.map
C:\Users\swapn\Desktop\ng-news\Ng-News\dist\out-tsc\src\app\topnav\topnav.component.js
C:\Users\swapn\Desktop\ng-news\Ng-News\dist\out-tsc\src\app\topnav\topnav.component.js.map
C:\Users\swapn\Desktop\ng-news\Ng-News\dist\out-tsc\src\app\news\category-news\category-news.component.js
C:\Users\swapn\Desktop\ng-news\Ng-News\dist\out-tsc\src\app\news\category-news\category-news.component.js.map
C:\Users\swapn\Desktop\ng-news\Ng-News\dist\out-tsc\src\app\news\breaking-news\breaking-news.component.js
C:\Users\swapn\Desktop\ng-news\Ng-News\dist\out-tsc\src\app\news\breaking-news\breaking-news.component.js.map
C:\Users\swapn\Desktop\ng-news\Ng-News\dist\out-tsc\src\app\news\breaking-news\breaking-news-article\breaking-news-article.component.js
C:\Users\swapn\Desktop\ng-news\Ng-News\dist\out-tsc\src\app\news\breaking-news\breaking-news-article\breaking-news-article.component.js.map
C:\Users\swapn\Desktop\ng-news\Ng-News\dist\out-tsc\src\app\news\category-news\category-news-article\category-news-article.component.js
C:\Users\swapn\Desktop\ng-news\Ng-News\dist\out-tsc\src\app\news\category-news\category-news-article\category-news-article.component.js.map
C:\Users\swapn\Desktop\ng-news\Ng-News\dist\out-tsc\src\app\source\source.component.js
C:\Users\swapn\Desktop\ng-news\Ng-News\dist\out-tsc\src\app\source\source.component.js.map
C:\Users\swapn\Desktop\ng-news\Ng-News\dist\out-tsc\src\app\shared\Pipes\safe-pipe.js
C:\Users\swapn\Desktop\ng-news\Ng-News\dist\out-tsc\src\app\shared\Pipes\safe-pipe.js.map
C:\Users\swapn\Desktop\ng-news\Ng-News\dist\out-tsc\src\app\shared\Pipes\temperature-converter-pipe.js
C:\Users\swapn\Desktop\ng-news\Ng-News\dist\out-tsc\src\app\shared\Pipes\temperature-converter-pipe.js.map
C:\Users\swapn\Desktop\ng-news\Ng-News\dist\out-tsc\src\app\dashboard\dashboard-article\dashboard-article.component.js
C:\Users\swapn\Desktop\ng-news\Ng-News\dist\out-tsc\src\app\dashboard\dashboard-article\dashboard-article.component.js.map
C:\Users\swapn\Desktop\ng-news\Ng-News\dist\out-tsc\src\app\shared\custom-directives\loop-directive.directive.js
C:\Users\swapn\Desktop\ng-news\Ng-News\dist\out-tsc\src\app\shared\custom-directives\loop-directive.directive.js.map
C:\Users\swapn\Desktop\ng-news\Ng-News\dist\out-tsc\src\app\shared\pagination\pagination.component.js
C:\Users\swapn\Desktop\ng-news\Ng-News\dist\out-tsc\src\app\shared\pagination\pagination.component.js.map
C:\Users\swapn\Desktop\ng-news\Ng-News\dist\out-tsc\src\app\shared\search-box\search-box.component.js
C:\Users\swapn\Desktop\ng-news\Ng-News\dist\out-tsc\src\app\shared\search-box\search-box.component.js.map
C:\Users\swapn\Desktop\ng-news\Ng-News\dist\out-tsc\src\app\shared\polyfills.js
C:\Users\swapn\Desktop\ng-news\Ng-News\dist\out-tsc\src\app\shared\polyfills.js.map
C:\Users\swapn\Desktop\ng-news\Ng-News\dist\out-tsc\src\app\shared\modules\material\material.module.js
C:\Users\swapn\Desktop\ng-news\Ng-News\dist\out-tsc\src\app\shared\modules\material\material.module.js.map
C:\Users\swapn\Desktop\ng-news\Ng-News\dist\out-tsc\src\app\news\category-news\category-home\category-home.component.js
C:\Users\swapn\Desktop\ng-news\Ng-News\dist\out-tsc\src\app\news\category-news\category-home\category-home.component.js.map
C:\Users\swapn\Desktop\ng-news\Ng-News\dist\out-tsc\src\app\sidenav\sidenav-main\sidenav-main.component.js
C:\Users\swapn\Desktop\ng-news\Ng-News\dist\out-tsc\src\app\sidenav\sidenav-main\sidenav-main.component.js.map
C:\Users\swapn\Desktop\ng-news\Ng-News\dist\out-tsc\src\app\user\login\login.component.js
C:\Users\swapn\Desktop\ng-news\Ng-News\dist\out-tsc\src\app\user\login\login.component.js.map
C:\Users\swapn\Desktop\ng-news\Ng-News\dist\out-tsc\src\app\shared\modals\cities-search.js
C:\Users\swapn\Desktop\ng-news\Ng-News\dist\out-tsc\src\app\shared\modals\cities-search.js.map
C:\Users\swapn\Desktop\ng-news\Ng-News\dist\out-tsc\src\app\shared\services\places-api.service.js
C:\Users\swapn\Desktop\ng-news\Ng-News\dist\out-tsc\src\app\shared\services\places-api.service.js.map
C:\Users\swapn\Desktop\ng-news\Ng-News\dist\out-tsc\src\app\user\signup\signup.component.js
C:\Users\swapn\Desktop\ng-news\Ng-News\dist\out-tsc\src\app\user\signup\signup.component.js.map
C:\Users\swapn\Desktop\ng-news\Ng-News\dist\out-tsc\src\socialloginConfig.js
C:\Users\swapn\Desktop\ng-news\Ng-News\dist\out-tsc\src\socialloginConfig.js.map
C:\Users\swapn\Desktop\ng-news\Ng-News\dist\out-tsc\src\app\user\user-details\user-details.component.js
C:\Users\swapn\Desktop\ng-news\Ng-News\dist\out-tsc\src\app\user\user-details\user-details.component.js.map
C:\Users\swapn\Desktop\ng-news\Ng-News\dist\out-tsc\src\app\app.module.js
C:\Users\swapn\Desktop\ng-news\Ng-News\dist\out-tsc\src\app\app.module.js.map
C:\Users\swapn\Desktop\ng-news\Ng-News\dist\out-tsc\src\environments\environment.js
C:\Users\swapn\Desktop\ng-news\Ng-News\dist\out-tsc\src\environments\environment.js.map
C:\Users\swapn\Desktop\ng-news\Ng-News\dist\out-tsc\src\main.js
C:\Users\swapn\Desktop\ng-news\Ng-News\dist\out-tsc\src\main.js.map
C:\Users\swapn\Desktop\ng-news\Ng-News\dist\out-tsc\src\polyfills.js
C:\Users\swapn\Desktop\ng-news\Ng-News\dist\out-tsc\src\polyfills.js.map
C:\Users\swapn\Desktop\ng-news\Ng-News\dist\out-tsc\src\test.js
C:\Users\swapn\Desktop\ng-news\Ng-News\dist\out-tsc\src\test.js.map
C:\Users\swapn\Desktop\ng-news\Ng-News\dist\out-tsc\src\environments\environment.prod.js
C:\Users\swapn\Desktop\ng-news\Ng-News\dist\out-tsc\src\environments\environment.prod.js.map
C:\Users\swapn\Desktop\ng-news\Ng-News\dist\out-tsc\src\app\app.component.spec.js
C:\Users\swapn\Desktop\ng-news\Ng-News\dist\out-tsc\src\app\app.component.spec.js.map
C:\Users\swapn\Desktop\ng-news\Ng-News\dist\out-tsc\src\app\app.component.js
C:\Users\swapn\Desktop\ng-news\Ng-News\dist\out-tsc\src\app\app.component.js.map
C:\Users\swapn\Desktop\ng-news\Ng-News\dist\out-tsc\src\app\shared\modals\article-source.js
C:\Users\swapn\Desktop\ng-news\Ng-News\dist\out-tsc\src\app\shared\modals\article-source.js.map
C:\Users\swapn\Desktop\ng-news\Ng-News\dist\out-tsc\src\app\shared\modals\company-logo.js
C:\Users\swapn\Desktop\ng-news\Ng-News\dist\out-tsc\src\app\shared\modals\company-logo.js.map
C:\Users\swapn\Desktop\ng-news\Ng-News\dist\out-tsc\src\app\shared\modals\domain-logo.js
C:\Users\swapn\Desktop\ng-news\Ng-News\dist\out-tsc\src\app\shared\modals\domain-logo.js.map
C:\Users\swapn\Desktop\ng-news\Ng-News\dist\out-tsc\src\app\shared\modals\article.js
C:\Users\swapn\Desktop\ng-news\Ng-News\dist\out-tsc\src\app\shared\modals\article.js.map
C:\Users\swapn\Desktop\ng-news\Ng-News\dist\out-tsc\src\app\shared\services\article-sharing.service.js
C:\Users\swapn\Desktop\ng-news\Ng-News\dist\out-tsc\src\app\shared\services\article-sharing.service.js.map
C:\Users\swapn\Desktop\ng-news\Ng-News\dist\out-tsc\src\app\home\home.component.js
C:\Users\swapn\Desktop\ng-news\Ng-News\dist\out-tsc\src\app\home\home.component.js.map
C:\Users\swapn\Desktop\ng-news\Ng-News\dist\out-tsc\src\app\shared\modals\top-headlines.js
C:\Users\swapn\Desktop\ng-news\Ng-News\dist\out-tsc\src\app\shared\modals\top-headlines.js.map
C:\Users\swapn\Desktop\ng-news\Ng-News\dist\out-tsc\src\app\shared\modals\source.js
C:\Users\swapn\Desktop\ng-news\Ng-News\dist\out-tsc\src\app\shared\modals\source.js.map
C:\Users\swapn\Desktop\ng-news\Ng-News\dist\out-tsc\src\app\shared\modals\searchquerymodal.js
C:\Users\swapn\Desktop\ng-news\Ng-News\dist\out-tsc\src\app\shared\modals\searchquerymodal.js.map
C:\Users\swapn\Desktop\ng-news\Ng-News\dist\out-tsc\src\app\shared\modals\weather.js
C:\Users\swapn\Desktop\ng-news\Ng-News\dist\out-tsc\src\app\shared\modals\weather.js.map
C:\Users\swapn\Desktop\ng-news\Ng-News\dist\out-tsc\src\app\shared\services\apiconnection.service.js
C:\Users\swapn\Desktop\ng-news\Ng-News\dist\out-tsc\src\app\shared\services\apiconnection.service.js.map
C:\Users\swapn\Desktop\ng-news\Ng-News\dist\out-tsc\node_modules\angular-bootstrap-md\inputs\active.class.js
C:\Users\swapn\Desktop\ng-news\Ng-News\dist\out-tsc\node_modules\angular-bootstrap-md\inputs\active.class.js.map
C:\Users\swapn\Desktop\ng-news\Ng-News\dist\out-tsc\node_modules\angular-bootstrap-md\inputs\equal-validator.directive.js
C:\Users\swapn\Desktop\ng-news\Ng-News\dist\out-tsc\node_modules\angular-bootstrap-md\inputs\equal-validator.directive.js.map
C:\Users\swapn\Desktop\ng-news\Ng-News\dist\out-tsc\node_modules\angular-bootstrap-md\inputs\input-validate.directive.js
C:\Users\swapn\Desktop\ng-news\Ng-News\dist\out-tsc\node_modules\angular-bootstrap-md\inputs\input-validate.directive.js.map
C:\Users\swapn\Desktop\ng-news\Ng-News\dist\out-tsc\node_modules\angular-bootstrap-md\inputs\active.module.js
C:\Users\swapn\Desktop\ng-news\Ng-News\dist\out-tsc\node_modules\angular-bootstrap-md\inputs\active.module.js.map
C:\Users\swapn\Desktop\ng-news\Ng-News\dist\out-tsc\node_modules\angular-bootstrap-md\inputs\deep.directive.js
C:\Users\swapn\Desktop\ng-news\Ng-News\dist\out-tsc\node_modules\angular-bootstrap-md\inputs\deep.directive.js.map
C:\Users\swapn\Desktop\ng-news\Ng-News\dist\out-tsc\node_modules\angular-bootstrap-md\inputs\deep.module.js
C:\Users\swapn\Desktop\ng-news\Ng-News\dist\out-tsc\node_modules\angular-bootstrap-md\inputs\deep.module.js.map
C:\Users\swapn\Desktop\ng-news\Ng-News\dist\out-tsc\node_modules\angular-bootstrap-md\inputs\index.js
C:\Users\swapn\Desktop\ng-news\Ng-News\dist\out-tsc\node_modules\angular-bootstrap-md\inputs\index.js.map
C:\Users\swapn\Desktop\ng-news\Ng-News\dist\out-tsc\node_modules\angular-bootstrap-md\buttons\checkbox.directive.js
C:\Users\swapn\Desktop\ng-news\Ng-News\dist\out-tsc\node_modules\angular-bootstrap-md\buttons\checkbox.directive.js.map
C:\Users\swapn\Desktop\ng-news\Ng-News\dist\out-tsc\node_modules\angular-bootstrap-md\buttons\radio.directive.js
C:\Users\swapn\Desktop\ng-news\Ng-News\dist\out-tsc\node_modules\angular-bootstrap-md\buttons\radio.directive.js.map
C:\Users\swapn\Desktop\ng-news\Ng-News\dist\out-tsc\node_modules\angular-bootstrap-md\buttons\buttons.module.js
C:\Users\swapn\Desktop\ng-news\Ng-News\dist\out-tsc\node_modules\angular-bootstrap-md\buttons\buttons.module.js.map
C:\Users\swapn\Desktop\ng-news\Ng-News\dist\out-tsc\node_modules\angular-bootstrap-md\buttons\index.js
C:\Users\swapn\Desktop\ng-news\Ng-News\dist\out-tsc\node_modules\angular-bootstrap-md\buttons\index.js.map
C:\Users\swapn\Desktop\ng-news\Ng-News\dist\out-tsc\node_modules\angular-bootstrap-md\ripple\ripple-effect.directive.js
C:\Users\swapn\Desktop\ng-news\Ng-News\dist\out-tsc\node_modules\angular-bootstrap-md\ripple\ripple-effect.directive.js.map
C:\Users\swapn\Desktop\ng-news\Ng-News\dist\out-tsc\node_modules\angular-bootstrap-md\ripple\ripple.module.js
C:\Users\swapn\Desktop\ng-news\Ng-News\dist\out-tsc\node_modules\angular-bootstrap-md\ripple\ripple.module.js.map
C:\Users\swapn\Desktop\ng-news\Ng-News\dist\out-tsc\node_modules\angular-bootstrap-md\ripple\index.js
C:\Users\swapn\Desktop\ng-news\Ng-News\dist\out-tsc\node_modules\angular-bootstrap-md\ripple\index.js.map
C:\Users\swapn\Desktop\ng-news\Ng-News\dist\out-tsc\node_modules\angular-bootstrap-md\navbars\navbar.service.js
C:\Users\swapn\Desktop\ng-news\Ng-News\dist\out-tsc\node_modules\angular-bootstrap-md\navbars\navbar.service.js.map
C:\Users\swapn\Desktop\ng-news\Ng-News\dist\out-tsc\node_modules\angular-bootstrap-md\navbars\links.component.js
C:\Users\swapn\Desktop\ng-news\Ng-News\dist\out-tsc\node_modules\angular-bootstrap-md\navbars\links.component.js.map
C:\Users\swapn\Desktop\ng-news\Ng-News\dist\out-tsc\node_modules\angular-bootstrap-md\navbars\logo.component.js
C:\Users\swapn\Desktop\ng-news\Ng-News\dist\out-tsc\node_modules\angular-bootstrap-md\navbars\logo.component.js.map
C:\Users\swapn\Desktop\ng-news\Ng-News\dist\out-tsc\node_modules\angular-bootstrap-md\navbars\navbar.component.js
C:\Users\swapn\Desktop\ng-news\Ng-News\dist\out-tsc\node_modules\angular-bootstrap-md\navbars\navbar.component.js.map
C:\Users\swapn\Desktop\ng-news\Ng-News\dist\out-tsc\node_modules\angular-bootstrap-md\navbars\navlinks.component.js
C:\Users\swapn\Desktop\ng-news\Ng-News\dist\out-tsc\node_modules\angular-bootstrap-md\navbars\navlinks.component.js.map
C:\Users\swapn\Desktop\ng-news\Ng-News\dist\out-tsc\node_modules\angular-bootstrap-md\navbars\navbar.module.js
C:\Users\swapn\Desktop\ng-news\Ng-News\dist\out-tsc\node_modules\angular-bootstrap-md\navbars\navbar.module.js.map
C:\Users\swapn\Desktop\ng-news\Ng-News\dist\out-tsc\node_modules\angular-bootstrap-md\navbars\index.js
C:\Users\swapn\Desktop\ng-news\Ng-News\dist\out-tsc\node_modules\angular-bootstrap-md\navbars\index.js.map
C:\Users\swapn\Desktop\ng-news\Ng-News\dist\out-tsc\node_modules\angular-bootstrap-md\utils\positioning\ng-positioning.js
C:\Users\swapn\Desktop\ng-news\Ng-News\dist\out-tsc\node_modules\angular-bootstrap-md\utils\positioning\ng-positioning.js.map
C:\Users\swapn\Desktop\ng-news\Ng-News\dist\out-tsc\node_modules\angular-bootstrap-md\utils\positioning\positioning.service.js
C:\Users\swapn\Desktop\ng-news\Ng-News\dist\out-tsc\node_modules\angular-bootstrap-md\utils\positioning\positioning.service.js.map
C:\Users\swapn\Desktop\ng-news\Ng-News\dist\out-tsc\node_modules\angular-bootstrap-md\utils\positioning\index.js
C:\Users\swapn\Desktop\ng-news\Ng-News\dist\out-tsc\node_modules\angular-bootstrap-md\utils\positioning\index.js.map
C:\Users\swapn\Desktop\ng-news\Ng-News\dist\out-tsc\node_modules\angular-bootstrap-md\utils\trigger.class.js
C:\Users\swapn\Desktop\ng-news\Ng-News\dist\out-tsc\node_modules\angular-bootstrap-md\utils\trigger.class.js.map
C:\Users\swapn\Desktop\ng-news\Ng-News\dist\out-tsc\node_modules\angular-bootstrap-md\utils\triggers.js
C:\Users\swapn\Desktop\ng-news\Ng-News\dist\out-tsc\node_modules\angular-bootstrap-md\utils\triggers.js.map
C:\Users\swapn\Desktop\ng-news\Ng-News\dist\out-tsc\node_modules\angular-bootstrap-md\utils\component-loader\content-ref.class.js
C:\Users\swapn\Desktop\ng-news\Ng-News\dist\out-tsc\node_modules\angular-bootstrap-md\utils\component-loader\content-ref.class.js.map
C:\Users\swapn\Desktop\ng-news\Ng-News\dist\out-tsc\node_modules\angular-bootstrap-md\utils\component-loader\component-loader.class.js
C:\Users\swapn\Desktop\ng-news\Ng-News\dist\out-tsc\node_modules\angular-bootstrap-md\utils\component-loader\component-loader.class.js.map
C:\Users\swapn\Desktop\ng-news\Ng-News\dist\out-tsc\node_modules\angular-bootstrap-md\utils\component-loader\component-loader.factory.js
C:\Users\swapn\Desktop\ng-news\Ng-News\dist\out-tsc\node_modules\angular-bootstrap-md\utils\component-loader\component-loader.factory.js.map
C:\Users\swapn\Desktop\ng-news\Ng-News\dist\out-tsc\node_modules\angular-bootstrap-md\utils\component-loader\index.js
C:\Users\swapn\Desktop\ng-news\Ng-News\dist\out-tsc\node_modules\angular-bootstrap-md\utils\component-loader\index.js.map
C:\Users\swapn\Desktop\ng-news\Ng-News\dist\out-tsc\node_modules\angular-bootstrap-md\dropdown\dropdown.config.js
C:\Users\swapn\Desktop\ng-news\Ng-News\dist\out-tsc\node_modules\angular-bootstrap-md\dropdown\dropdown.config.js.map
C:\Users\swapn\Desktop\ng-news\Ng-News\dist\out-tsc\node_modules\angular-bootstrap-md\utils\component-loader\bs-component-ref.class.js
C:\Users\swapn\Desktop\ng-news\Ng-News\dist\out-tsc\node_modules\angular-bootstrap-md\utils\component-loader\bs-component-ref.class.js.map
C:\Users\swapn\Desktop\ng-news\Ng-News\dist\out-tsc\node_modules\angular-bootstrap-md\dropdown\dropdown.state.js
C:\Users\swapn\Desktop\ng-news\Ng-News\dist\out-tsc\node_modules\angular-bootstrap-md\dropdown\dropdown.state.js.map
C:\Users\swapn\Desktop\ng-news\Ng-News\dist\out-tsc\node_modules\angular-bootstrap-md\dropdown\dropdown-container.component.js
C:\Users\swapn\Desktop\ng-news\Ng-News\dist\out-tsc\node_modules\angular-bootstrap-md\dropdown\dropdown-container.component.js.map
C:\Users\swapn\Desktop\ng-news\Ng-News\dist\out-tsc\node_modules\angular-bootstrap-md\utils\facade\browser.js
C:\Users\swapn\Desktop\ng-news\Ng-News\dist\out-tsc\node_modules\angular-bootstrap-md\utils\facade\browser.js.map
C:\Users\swapn\Desktop\ng-news\Ng-News\dist\out-tsc\node_modules\angular-bootstrap-md\utils\ng2-bootstrap-config.js
C:\Users\swapn\Desktop\ng-news\Ng-News\dist\out-tsc\node_modules\angular-bootstrap-md\utils\ng2-bootstrap-config.js.map
C:\Users\swapn\Desktop\ng-news\Ng-News\dist\out-tsc\node_modules\angular-bootstrap-md\dropdown\dropdown.directive.js
C:\Users\swapn\Desktop\ng-news\Ng-News\dist\out-tsc\node_modules\angular-bootstrap-md\dropdown\dropdown.directive.js.map
C:\Users\swapn\Desktop\ng-news\Ng-News\dist\out-tsc\node_modules\angular-bootstrap-md\dropdown\dropdown-menu.directive.js
C:\Users\swapn\Desktop\ng-news\Ng-News\dist\out-tsc\node_modules\angular-bootstrap-md\dropdown\dropdown-menu.directive.js.map
C:\Users\swapn\Desktop\ng-news\Ng-News\dist\out-tsc\node_modules\angular-bootstrap-md\dropdown\dropdown-toggle.directive.js
C:\Users\swapn\Desktop\ng-news\Ng-News\dist\out-tsc\node_modules\angular-bootstrap-md\dropdown\dropdown-toggle.directive.js.map
C:\Users\swapn\Desktop\ng-news\Ng-News\dist\out-tsc\node_modules\angular-bootstrap-md\dropdown\dropdown.module.js
C:\Users\swapn\Desktop\ng-news\Ng-News\dist\out-tsc\node_modules\angular-bootstrap-md\dropdown\dropdown.module.js.map
C:\Users\swapn\Desktop\ng-news\Ng-News\dist\out-tsc\node_modules\angular-bootstrap-md\dropdown\index.js
C:\Users\swapn\Desktop\ng-news\Ng-News\dist\out-tsc\node_modules\angular-bootstrap-md\dropdown\index.js.map
C:\Users\swapn\Desktop\ng-news\Ng-News\dist\out-tsc\node_modules\angular-bootstrap-md\utils\decorators.js
C:\Users\swapn\Desktop\ng-news\Ng-News\dist\out-tsc\node_modules\angular-bootstrap-md\utils\decorators.js.map
C:\Users\swapn\Desktop\ng-news\Ng-News\dist\out-tsc\node_modules\angular-bootstrap-md\utils\linked-list.class.js
C:\Users\swapn\Desktop\ng-news\Ng-News\dist\out-tsc\node_modules\angular-bootstrap-md\utils\linked-list.class.js.map
C:\Users\swapn\Desktop\ng-news\Ng-News\dist\out-tsc\node_modules\angular-bootstrap-md\utils\utils.class.js
C:\Users\swapn\Desktop\ng-news\Ng-News\dist\out-tsc\node_modules\angular-bootstrap-md\utils\utils.class.js.map
C:\Users\swapn\Desktop\ng-news\Ng-News\dist\out-tsc\node_modules\angular-bootstrap-md\utils\index.js
C:\Users\swapn\Desktop\ng-news\Ng-News\dist\out-tsc\node_modules\angular-bootstrap-md\utils\index.js.map
C:\Users\swapn\Desktop\ng-news\Ng-News\dist\out-tsc\node_modules\angular-bootstrap-md\carousel\slide.component.js
C:\Users\swapn\Desktop\ng-news\Ng-News\dist\out-tsc\node_modules\angular-bootstrap-md\carousel\slide.component.js.map
C:\Users\swapn\Desktop\ng-news\Ng-News\dist\out-tsc\node_modules\angular-bootstrap-md\carousel\carousel.config.js
C:\Users\swapn\Desktop\ng-news\Ng-News\dist\out-tsc\node_modules\angular-bootstrap-md\carousel\carousel.config.js.map
C:\Users\swapn\Desktop\ng-news\Ng-News\dist\out-tsc\node_modules\angular-bootstrap-md\carousel\carousel.component.js
C:\Users\swapn\Desktop\ng-news\Ng-News\dist\out-tsc\node_modules\angular-bootstrap-md\carousel\carousel.component.js.map
C:\Users\swapn\Desktop\ng-news\Ng-News\dist\out-tsc\node_modules\angular-bootstrap-md\carousel\carousel.module.js
C:\Users\swapn\Desktop\ng-news\Ng-News\dist\out-tsc\node_modules\angular-bootstrap-md\carousel\carousel.module.js.map
C:\Users\swapn\Desktop\ng-news\Ng-News\dist\out-tsc\node_modules\angular-bootstrap-md\carousel\index.js
C:\Users\swapn\Desktop\ng-news\Ng-News\dist\out-tsc\node_modules\angular-bootstrap-md\carousel\index.js.map
C:\Users\swapn\Desktop\ng-news\Ng-News\dist\out-tsc\node_modules\angular-bootstrap-md\charts\color.service.js
C:\Users\swapn\Desktop\ng-news\Ng-News\dist\out-tsc\node_modules\angular-bootstrap-md\charts\color.service.js.map
C:\Users\swapn\Desktop\ng-news\Ng-News\dist\out-tsc\node_modules\angular-bootstrap-md\charts\colors.service.js
C:\Users\swapn\Desktop\ng-news\Ng-News\dist\out-tsc\node_modules\angular-bootstrap-md\charts\colors.service.js.map
C:\Users\swapn\Desktop\ng-news\Ng-News\dist\out-tsc\node_modules\angular-bootstrap-md\charts\chart.directive.js
C:\Users\swapn\Desktop\ng-news\Ng-News\dist\out-tsc\node_modules\angular-bootstrap-md\charts\chart.directive.js.map
C:\Users\swapn\Desktop\ng-news\Ng-News\dist\out-tsc\node_modules\angular-bootstrap-md\charts\chart.module.js
C:\Users\swapn\Desktop\ng-news\Ng-News\dist\out-tsc\node_modules\angular-bootstrap-md\charts\chart.module.js.map
C:\Users\swapn\Desktop\ng-news\Ng-News\dist\out-tsc\node_modules\angular-bootstrap-md\charts\index.js
C:\Users\swapn\Desktop\ng-news\Ng-News\dist\out-tsc\node_modules\angular-bootstrap-md\charts\index.js.map
C:\Users\swapn\Desktop\ng-news\Ng-News\dist\out-tsc\node_modules\angular-bootstrap-md\collapse\collapse.directive.js
C:\Users\swapn\Desktop\ng-news\Ng-News\dist\out-tsc\node_modules\angular-bootstrap-md\collapse\collapse.directive.js.map
C:\Users\swapn\Desktop\ng-news\Ng-News\dist\out-tsc\node_modules\angular-bootstrap-md\collapse\collapse.module.js
C:\Users\swapn\Desktop\ng-news\Ng-News\dist\out-tsc\node_modules\angular-bootstrap-md\collapse\collapse.module.js.map
C:\Users\swapn\Desktop\ng-news\Ng-News\dist\out-tsc\node_modules\angular-bootstrap-md\collapse\index.js
C:\Users\swapn\Desktop\ng-news\Ng-News\dist\out-tsc\node_modules\angular-bootstrap-md\collapse\index.js.map
C:\Users\swapn\Desktop\ng-news\Ng-News\dist\out-tsc\node_modules\angular-bootstrap-md\modals\modal.options.js
C:\Users\swapn\Desktop\ng-news\Ng-News\dist\out-tsc\node_modules\angular-bootstrap-md\modals\modal.options.js.map
C:\Users\swapn\Desktop\ng-news\Ng-News\dist\out-tsc\node_modules\angular-bootstrap-md\modals\modalBackdrop.component.js
C:\Users\swapn\Desktop\ng-news\Ng-News\dist\out-tsc\node_modules\angular-bootstrap-md\modals\modalBackdrop.component.js.map
C:\Users\swapn\Desktop\ng-news\Ng-News\dist\out-tsc\node_modules\angular-bootstrap-md\modals\modal.directive.js
C:\Users\swapn\Desktop\ng-news\Ng-News\dist\out-tsc\node_modules\angular-bootstrap-md\modals\modal.directive.js.map
C:\Users\swapn\Desktop\ng-news\Ng-News\dist\out-tsc\node_modules\angular-bootstrap-md\modals\modalService.config.js
C:\Users\swapn\Desktop\ng-news\Ng-News\dist\out-tsc\node_modules\angular-bootstrap-md\modals\modalService.config.js.map
C:\Users\swapn\Desktop\ng-news\Ng-News\dist\out-tsc\node_modules\angular-bootstrap-md\modals\modalContainer.component.js
C:\Users\swapn\Desktop\ng-news\Ng-News\dist\out-tsc\node_modules\angular-bootstrap-md\modals\modalContainer.component.js.map
C:\Users\swapn\Desktop\ng-news\Ng-News\dist\out-tsc\node_modules\angular-bootstrap-md\modals\modal.service.js
C:\Users\swapn\Desktop\ng-news\Ng-News\dist\out-tsc\node_modules\angular-bootstrap-md\modals\modal.service.js.map
C:\Users\swapn\Desktop\ng-news\Ng-News\dist\out-tsc\node_modules\angular-bootstrap-md\modals\modal.module.js
C:\Users\swapn\Desktop\ng-news\Ng-News\dist\out-tsc\node_modules\angular-bootstrap-md\modals\modal.module.js.map
C:\Users\swapn\Desktop\ng-news\Ng-News\dist\out-tsc\node_modules\angular-bootstrap-md\modals\index.js
C:\Users\swapn\Desktop\ng-news\Ng-News\dist\out-tsc\node_modules\angular-bootstrap-md\modals\index.js.map
C:\Users\swapn\Desktop\ng-news\Ng-News\dist\out-tsc\node_modules\angular-bootstrap-md\tooltip\tooltip.service.js
C:\Users\swapn\Desktop\ng-news\Ng-News\dist\out-tsc\node_modules\angular-bootstrap-md\tooltip\tooltip.service.js.map
C:\Users\swapn\Desktop\ng-news\Ng-News\dist\out-tsc\node_modules\angular-bootstrap-md\tooltip\tooltip.component.js
C:\Users\swapn\Desktop\ng-news\Ng-News\dist\out-tsc\node_modules\angular-bootstrap-md\tooltip\tooltip.component.js.map
C:\Users\swapn\Desktop\ng-news\Ng-News\dist\out-tsc\node_modules\angular-bootstrap-md\tooltip\tooltip.directive.js
C:\Users\swapn\Desktop\ng-news\Ng-News\dist\out-tsc\node_modules\angular-bootstrap-md\tooltip\tooltip.directive.js.map
C:\Users\swapn\Desktop\ng-news\Ng-News\dist\out-tsc\node_modules\angular-bootstrap-md\tooltip\tooltip.module.js
C:\Users\swapn\Desktop\ng-news\Ng-News\dist\out-tsc\node_modules\angular-bootstrap-md\tooltip\tooltip.module.js.map
C:\Users\swapn\Desktop\ng-news\Ng-News\dist\out-tsc\node_modules\angular-bootstrap-md\tooltip\index.js
C:\Users\swapn\Desktop\ng-news\Ng-News\dist\out-tsc\node_modules\angular-bootstrap-md\tooltip\index.js.map
C:\Users\swapn\Desktop\ng-news\Ng-News\dist\out-tsc\node_modules\angular-bootstrap-md\popover\popover.config.js
C:\Users\swapn\Desktop\ng-news\Ng-News\dist\out-tsc\node_modules\angular-bootstrap-md\popover\popover.config.js.map
C:\Users\swapn\Desktop\ng-news\Ng-News\dist\out-tsc\node_modules\angular-bootstrap-md\popover\popover-container.component.js
C:\Users\swapn\Desktop\ng-news\Ng-News\dist\out-tsc\node_modules\angular-bootstrap-md\popover\popover-container.component.js.map
C:\Users\swapn\Desktop\ng-news\Ng-News\dist\out-tsc\node_modules\angular-bootstrap-md\popover\popover.directive.js
C:\Users\swapn\Desktop\ng-news\Ng-News\dist\out-tsc\node_modules\angular-bootstrap-md\popover\popover.directive.js.map
C:\Users\swapn\Desktop\ng-news\Ng-News\dist\out-tsc\node_modules\angular-bootstrap-md\popover\popover.module.js
C:\Users\swapn\Desktop\ng-news\Ng-News\dist\out-tsc\node_modules\angular-bootstrap-md\popover\popover.module.js.map
C:\Users\swapn\Desktop\ng-news\Ng-News\dist\out-tsc\node_modules\angular-bootstrap-md\popover\index.js
C:\Users\swapn\Desktop\ng-news\Ng-News\dist\out-tsc\node_modules\angular-bootstrap-md\popover\index.js.map
C:\Users\swapn\Desktop\ng-news\Ng-News\dist\out-tsc\node_modules\angular-bootstrap-md\index.js
C:\Users\swapn\Desktop\ng-news\Ng-News\dist\out-tsc\node_modules\angular-bootstrap-md\index.js.map
C:\Users\swapn\Desktop\ng-news\Ng-News\dist\out-tsc\src\app\shared\modals\searchboxquery-modal.js
C:\Users\swapn\Desktop\ng-news\Ng-News\dist\out-tsc\src\app\shared\modals\searchboxquery-modal.js.map
C:\Users\swapn\Desktop\ng-news\Ng-News\dist\out-tsc\src\app\shared\modals\userinfo.js
C:\Users\swapn\Desktop\ng-news\Ng-News\dist\out-tsc\src\app\shared\modals\userinfo.js.map
C:\Users\swapn\Desktop\ng-news\Ng-News\dist\out-tsc\src\app\shared\services\auth.service.js
C:\Users\swapn\Desktop\ng-news\Ng-News\dist\out-tsc\src\app\shared\services\auth.service.js.map
C:\Users\swapn\Desktop\ng-news\Ng-News\dist\out-tsc\src\app\dashboard\dashboard.component.js
C:\Users\swapn\Desktop\ng-news\Ng-News\dist\out-tsc\src\app\dashboard\dashboard.component.js.map
C:\Users\swapn\Desktop\ng-news\Ng-News\dist\out-tsc\src\app\sidenav\sidenav.component.js
C:\Users\swapn\Desktop\ng-news\Ng-News\dist\out-tsc\src\app\sidenav\sidenav.component.js.map
C:\Users\swapn\Desktop\ng-news\Ng-News\dist\out-tsc\src\app\topnav\topnav.component.js
C:\Users\swapn\Desktop\ng-news\Ng-News\dist\out-tsc\src\app\topnav\topnav.component.js.map
C:\Users\swapn\Desktop\ng-news\Ng-News\dist\out-tsc\src\app\news\category-news\category-news.component.js
C:\Users\swapn\Desktop\ng-news\Ng-News\dist\out-tsc\src\app\news\category-news\category-news.component.js.map
C:\Users\swapn\Desktop\ng-news\Ng-News\dist\out-tsc\src\app\news\breaking-news\breaking-news.component.js
C:\Users\swapn\Desktop\ng-news\Ng-News\dist\out-tsc\src\app\news\breaking-news\breaking-news.component.js.map
C:\Users\swapn\Desktop\ng-news\Ng-News\dist\out-tsc\src\app\news\breaking-news\breaking-news-article\breaking-news-article.component.js
C:\Users\swapn\Desktop\ng-news\Ng-News\dist\out-tsc\src\app\news\breaking-news\breaking-news-article\breaking-news-article.component.js.map
C:\Users\swapn\Desktop\ng-news\Ng-News\dist\out-tsc\src\app\news\category-news\category-news-article\category-news-article.component.js
C:\Users\swapn\Desktop\ng-news\Ng-News\dist\out-tsc\src\app\news\category-news\category-news-article\category-news-article.component.js.map
C:\Users\swapn\Desktop\ng-news\Ng-News\dist\out-tsc\src\app\source\source.component.js
C:\Users\swapn\Desktop\ng-news\Ng-News\dist\out-tsc\src\app\source\source.component.js.map
C:\Users\swapn\Desktop\ng-news\Ng-News\dist\out-tsc\src\app\shared\Pipes\safe-pipe.js
C:\Users\swapn\Desktop\ng-news\Ng-News\dist\out-tsc\src\app\shared\Pipes\safe-pipe.js.map
C:\Users\swapn\Desktop\ng-news\Ng-News\dist\out-tsc\src\app\shared\Pipes\temperature-converter-pipe.js
C:\Users\swapn\Desktop\ng-news\Ng-News\dist\out-tsc\src\app\shared\Pipes\temperature-converter-pipe.js.map
C:\Users\swapn\Desktop\ng-news\Ng-News\dist\out-tsc\src\app\dashboard\dashboard-article\dashboard-article.component.js
C:\Users\swapn\Desktop\ng-news\Ng-News\dist\out-tsc\src\app\dashboard\dashboard-article\dashboard-article.component.js.map
C:\Users\swapn\Desktop\ng-news\Ng-News\dist\out-tsc\src\app\shared\custom-directives\loop-directive.directive.js
C:\Users\swapn\Desktop\ng-news\Ng-News\dist\out-tsc\src\app\shared\custom-directives\loop-directive.directive.js.map
C:\Users\swapn\Desktop\ng-news\Ng-News\dist\out-tsc\src\app\shared\pagination\pagination.component.js
C:\Users\swapn\Desktop\ng-news\Ng-News\dist\out-tsc\src\app\shared\pagination\pagination.component.js.map
C:\Users\swapn\Desktop\ng-news\Ng-News\dist\out-tsc\src\app\shared\search-box\search-box.component.js
C:\Users\swapn\Desktop\ng-news\Ng-News\dist\out-tsc\src\app\shared\search-box\search-box.component.js.map
C:\Users\swapn\Desktop\ng-news\Ng-News\dist\out-tsc\src\app\shared\polyfills.js
C:\Users\swapn\Desktop\ng-news\Ng-News\dist\out-tsc\src\app\shared\polyfills.js.map
C:\Users\swapn\Desktop\ng-news\Ng-News\dist\out-tsc\src\app\shared\modules\material\material.module.js
C:\Users\swapn\Desktop\ng-news\Ng-News\dist\out-tsc\src\app\shared\modules\material\material.module.js.map
C:\Users\swapn\Desktop\ng-news\Ng-News\dist\out-tsc\src\app\news\category-news\category-home\category-home.component.js
C:\Users\swapn\Desktop\ng-news\Ng-News\dist\out-tsc\src\app\news\category-news\category-home\category-home.component.js.map
C:\Users\swapn\Desktop\ng-news\Ng-News\dist\out-tsc\src\app\sidenav\sidenav-main\sidenav-main.component.js
C:\Users\swapn\Desktop\ng-news\Ng-News\dist\out-tsc\src\app\sidenav\sidenav-main\sidenav-main.component.js.map
C:\Users\swapn\Desktop\ng-news\Ng-News\dist\out-tsc\src\app\user\login\login.component.js
C:\Users\swapn\Desktop\ng-news\Ng-News\dist\out-tsc\src\app\user\login\login.component.js.map
C:\Users\swapn\Desktop\ng-news\Ng-News\dist\out-tsc\src\app\shared\modals\cities-search.js
C:\Users\swapn\Desktop\ng-news\Ng-News\dist\out-tsc\src\app\shared\modals\cities-search.js.map
C:\Users\swapn\Desktop\ng-news\Ng-News\dist\out-tsc\src\app\shared\services\places-api.service.js
C:\Users\swapn\Desktop\ng-news\Ng-News\dist\out-tsc\src\app\shared\services\places-api.service.js.map
C:\Users\swapn\Desktop\ng-news\Ng-News\dist\out-tsc\src\app\user\signup\signup.component.js
C:\Users\swapn\Desktop\ng-news\Ng-News\dist\out-tsc\src\app\user\signup\signup.component.js.map
C:\Users\swapn\Desktop\ng-news\Ng-News\dist\out-tsc\src\socialloginConfig.js
C:\Users\swapn\Desktop\ng-news\Ng-News\dist\out-tsc\src\socialloginConfig.js.map
C:\Users\swapn\Desktop\ng-news\Ng-News\dist\out-tsc\src\app\user\user-details\user-details.component.js
C:\Users\swapn\Desktop\ng-news\Ng-News\dist\out-tsc\src\app\user\user-details\user-details.component.js.map
C:\Users\swapn\Desktop\ng-news\Ng-News\dist\out-tsc\src\app\app.module.js
C:\Users\swapn\Desktop\ng-news\Ng-News\dist\out-tsc\src\app\app.module.js.map
C:\Users\swapn\Desktop\ng-news\Ng-News\dist\out-tsc\src\environments\environment.js
C:\Users\swapn\Desktop\ng-news\Ng-News\dist\out-tsc\src\environments\environment.js.map
C:\Users\swapn\Desktop\ng-news\Ng-News\dist\out-tsc\src\main.js
C:\Users\swapn\Desktop\ng-news\Ng-News\dist\out-tsc\src\main.js.map
C:\Users\swapn\Desktop\ng-news\Ng-News\dist\out-tsc\src\polyfills.js
C:\Users\swapn\Desktop\ng-news\Ng-News\dist\out-tsc\src\polyfills.js.map
C:\Users\swapn\Desktop\ng-news\Ng-News\dist\out-tsc\src\test.js
C:\Users\swapn\Desktop\ng-news\Ng-News\dist\out-tsc\src\test.js.map
C:\Users\swapn\Desktop\ng-news\Ng-News\dist\out-tsc\src\environments\environment.prod.js
C:\Users\swapn\Desktop\ng-news\Ng-News\dist\out-tsc\src\environments\environment.prod.js.map
C:\Users\swapn\Desktop\ng-news\Ng-News\dist\out-tsc\src\app\app.component.spec.js
C:\Users\swapn\Desktop\ng-news\Ng-News\dist\out-tsc\src\app\app.component.spec.js.map
C:\Users\swapn\Desktop\ng-news\Ng-News\dist\out-tsc\src\app\app.component.js
C:\Users\swapn\Desktop\ng-news\Ng-News\dist\out-tsc\src\app\app.component.js.map
C:\Users\swapn\Desktop\ng-news\Ng-News\dist\out-tsc\src\app\shared\modals\article-source.js
C:\Users\swapn\Desktop\ng-news\Ng-News\dist\out-tsc\src\app\shared\modals\article-source.js.map
C:\Users\swapn\Desktop\ng-news\Ng-News\dist\out-tsc\src\app\shared\modals\company-logo.js
C:\Users\swapn\Desktop\ng-news\Ng-News\dist\out-tsc\src\app\shared\modals\company-logo.js.map
C:\Users\swapn\Desktop\ng-news\Ng-News\dist\out-tsc\src\app\shared\modals\domain-logo.js
C:\Users\swapn\Desktop\ng-news\Ng-News\dist\out-tsc\src\app\shared\modals\domain-logo.js.map
C:\Users\swapn\Desktop\ng-news\Ng-News\dist\out-tsc\src\app\shared\modals\article.js
C:\Users\swapn\Desktop\ng-news\Ng-News\dist\out-tsc\src\app\shared\modals\article.js.map
C:\Users\swapn\Desktop\ng-news\Ng-News\dist\out-tsc\src\app\shared\services\article-sharing.service.js
C:\Users\swapn\Desktop\ng-news\Ng-News\dist\out-tsc\src\app\shared\services\article-sharing.service.js.map
C:\Users\swapn\Desktop\ng-news\Ng-News\dist\out-tsc\src\app\home\home.component.js
C:\Users\swapn\Desktop\ng-news\Ng-News\dist\out-tsc\src\app\home\home.component.js.map
C:\Users\swapn\Desktop\ng-news\Ng-News\dist\out-tsc\src\app\shared\modals\top-headlines.js
C:\Users\swapn\Desktop\ng-news\Ng-News\dist\out-tsc\src\app\shared\modals\top-headlines.js.map
C:\Users\swapn\Desktop\ng-news\Ng-News\dist\out-tsc\src\app\shared\modals\source.js
C:\Users\swapn\Desktop\ng-news\Ng-News\dist\out-tsc\src\app\shared\modals\source.js.map
C:\Users\swapn\Desktop\ng-news\Ng-News\dist\out-tsc\src\app\shared\modals\searchquerymodal.js
C:\Users\swapn\Desktop\ng-news\Ng-News\dist\out-tsc\src\app\shared\modals\searchquerymodal.js.map
C:\Users\swapn\Desktop\ng-news\Ng-News\dist\out-tsc\src\app\shared\modals\weather.js
C:\Users\swapn\Desktop\ng-news\Ng-News\dist\out-tsc\src\app\shared\modals\weather.js.map
C:\Users\swapn\Desktop\ng-news\Ng-News\dist\out-tsc\src\app\shared\services\apiconnection.service.js
C:\Users\swapn\Desktop\ng-news\Ng-News\dist\out-tsc\src\app\shared\services\apiconnection.service.js.map
C:\Users\swapn\Desktop\ng-news\Ng-News\dist\out-tsc\node_modules\angular-bootstrap-md\inputs\active.class.js
C:\Users\swapn\Desktop\ng-news\Ng-News\dist\out-tsc\node_modules\angular-bootstrap-md\inputs\active.class.js.map
C:\Users\swapn\Desktop\ng-news\Ng-News\dist\out-tsc\node_modules\angular-bootstrap-md\inputs\equal-validator.directive.js
C:\Users\swapn\Desktop\ng-news\Ng-News\dist\out-tsc\node_modules\angular-bootstrap-md\inputs\equal-validator.directive.js.map
C:\Users\swapn\Desktop\ng-news\Ng-News\dist\out-tsc\node_modules\angular-bootstrap-md\inputs\input-validate.directive.js
C:\Users\swapn\Desktop\ng-news\Ng-News\dist\out-tsc\node_modules\angular-bootstrap-md\inputs\input-validate.directive.js.map
C:\Users\swapn\Desktop\ng-news\Ng-News\dist\out-tsc\node_modules\angular-bootstrap-md\inputs\active.module.js
C:\Users\swapn\Desktop\ng-news\Ng-News\dist\out-tsc\node_modules\angular-bootstrap-md\inputs\active.module.js.map
C:\Users\swapn\Desktop\ng-news\Ng-News\dist\out-tsc\node_modules\angular-bootstrap-md\inputs\deep.directive.js
C:\Users\swapn\Desktop\ng-news\Ng-News\dist\out-tsc\node_modules\angular-bootstrap-md\inputs\deep.directive.js.map
C:\Users\swapn\Desktop\ng-news\Ng-News\dist\out-tsc\node_modules\angular-bootstrap-md\inputs\deep.module.js
C:\Users\swapn\Desktop\ng-news\Ng-News\dist\out-tsc\node_modules\angular-bootstrap-md\inputs\deep.module.js.map
C:\Users\swapn\Desktop\ng-news\Ng-News\dist\out-tsc\node_modules\angular-bootstrap-md\inputs\index.js
C:\Users\swapn\Desktop\ng-news\Ng-News\dist\out-tsc\node_modules\angular-bootstrap-md\inputs\index.js.map
C:\Users\swapn\Desktop\ng-news\Ng-News\dist\out-tsc\node_modules\angular-bootstrap-md\buttons\checkbox.directive.js
C:\Users\swapn\Desktop\ng-news\Ng-News\dist\out-tsc\node_modules\angular-bootstrap-md\buttons\checkbox.directive.js.map
C:\Users\swapn\Desktop\ng-news\Ng-News\dist\out-tsc\node_modules\angular-bootstrap-md\buttons\radio.directive.js
C:\Users\swapn\Desktop\ng-news\Ng-News\dist\out-tsc\node_modules\angular-bootstrap-md\buttons\radio.directive.js.map
C:\Users\swapn\Desktop\ng-news\Ng-News\dist\out-tsc\node_modules\angular-bootstrap-md\buttons\buttons.module.js
C:\Users\swapn\Desktop\ng-news\Ng-News\dist\out-tsc\node_modules\angular-bootstrap-md\buttons\buttons.module.js.map
C:\Users\swapn\Desktop\ng-news\Ng-News\dist\out-tsc\node_modules\angular-bootstrap-md\buttons\index.js
C:\Users\swapn\Desktop\ng-news\Ng-News\dist\out-tsc\node_modules\angular-bootstrap-md\buttons\index.js.map
C:\Users\swapn\Desktop\ng-news\Ng-News\dist\out-tsc\node_modules\angular-bootstrap-md\ripple\ripple-effect.directive.js
C:\Users\swapn\Desktop\ng-news\Ng-News\dist\out-tsc\node_modules\angular-bootstrap-md\ripple\ripple-effect.directive.js.map
C:\Users\swapn\Desktop\ng-news\Ng-News\dist\out-tsc\node_modules\angular-bootstrap-md\ripple\ripple.module.js
C:\Users\swapn\Desktop\ng-news\Ng-News\dist\out-tsc\node_modules\angular-bootstrap-md\ripple\ripple.module.js.map
C:\Users\swapn\Desktop\ng-news\Ng-News\dist\out-tsc\node_modules\angular-bootstrap-md\ripple\index.js
C:\Users\swapn\Desktop\ng-news\Ng-News\dist\out-tsc\node_modules\angular-bootstrap-md\ripple\index.js.map
C:\Users\swapn\Desktop\ng-news\Ng-News\dist\out-tsc\node_modules\angular-bootstrap-md\navbars\navbar.service.js
C:\Users\swapn\Desktop\ng-news\Ng-News\dist\out-tsc\node_modules\angular-bootstrap-md\navbars\navbar.service.js.map
C:\Users\swapn\Desktop\ng-news\Ng-News\dist\out-tsc\node_modules\angular-bootstrap-md\navbars\links.component.js
C:\Users\swapn\Desktop\ng-news\Ng-News\dist\out-tsc\node_modules\angular-bootstrap-md\navbars\links.component.js.map
C:\Users\swapn\Desktop\ng-news\Ng-News\dist\out-tsc\node_modules\angular-bootstrap-md\navbars\logo.component.js
C:\Users\swapn\Desktop\ng-news\Ng-News\dist\out-tsc\node_modules\angular-bootstrap-md\navbars\logo.component.js.map
C:\Users\swapn\Desktop\ng-news\Ng-News\dist\out-tsc\node_modules\angular-bootstrap-md\navbars\navbar.component.js
C:\Users\swapn\Desktop\ng-news\Ng-News\dist\out-tsc\node_modules\angular-bootstrap-md\navbars\navbar.component.js.map
C:\Users\swapn\Desktop\ng-news\Ng-News\dist\out-tsc\node_modules\angular-bootstrap-md\navbars\navlinks.component.js
C:\Users\swapn\Desktop\ng-news\Ng-News\dist\out-tsc\node_modules\angular-bootstrap-md\navbars\navlinks.component.js.map
C:\Users\swapn\Desktop\ng-news\Ng-News\dist\out-tsc\node_modules\angular-bootstrap-md\navbars\navbar.module.js
C:\Users\swapn\Desktop\ng-news\Ng-News\dist\out-tsc\node_modules\angular-bootstrap-md\navbars\navbar.module.js.map
C:\Users\swapn\Desktop\ng-news\Ng-News\dist\out-tsc\node_modules\angular-bootstrap-md\navbars\index.js
C:\Users\swapn\Desktop\ng-news\Ng-News\dist\out-tsc\node_modules\angular-bootstrap-md\navbars\index.js.map
C:\Users\swapn\Desktop\ng-news\Ng-News\dist\out-tsc\node_modules\angular-bootstrap-md\utils\positioning\ng-positioning.js
C:\Users\swapn\Desktop\ng-news\Ng-News\dist\out-tsc\node_modules\angular-bootstrap-md\utils\positioning\ng-positioning.js.map
C:\Users\swapn\Desktop\ng-news\Ng-News\dist\out-tsc\node_modules\angular-bootstrap-md\utils\positioning\positioning.service.js
C:\Users\swapn\Desktop\ng-news\Ng-News\dist\out-tsc\node_modules\angular-bootstrap-md\utils\positioning\positioning.service.js.map
C:\Users\swapn\Desktop\ng-news\Ng-News\dist\out-tsc\node_modules\angular-bootstrap-md\utils\positioning\index.js
C:\Users\swapn\Desktop\ng-news\Ng-News\dist\out-tsc\node_modules\angular-bootstrap-md\utils\positioning\index.js.map
C:\Users\swapn\Desktop\ng-news\Ng-News\dist\out-tsc\node_modules\angular-bootstrap-md\utils\trigger.class.js
C:\Users\swapn\Desktop\ng-news\Ng-News\dist\out-tsc\node_modules\angular-bootstrap-md\utils\trigger.class.js.map
C:\Users\swapn\Desktop\ng-news\Ng-News\dist\out-tsc\node_modules\angular-bootstrap-md\utils\triggers.js
C:\Users\swapn\Desktop\ng-news\Ng-News\dist\out-tsc\node_modules\angular-bootstrap-md\utils\triggers.js.map
C:\Users\swapn\Desktop\ng-news\Ng-News\dist\out-tsc\node_modules\angular-bootstrap-md\utils\component-loader\content-ref.class.js
C:\Users\swapn\Desktop\ng-news\Ng-News\dist\out-tsc\node_modules\angular-bootstrap-md\utils\component-loader\content-ref.class.js.map
C:\Users\swapn\Desktop\ng-news\Ng-News\dist\out-tsc\node_modules\angular-bootstrap-md\utils\component-loader\component-loader.class.js
C:\Users\swapn\Desktop\ng-news\Ng-News\dist\out-tsc\node_modules\angular-bootstrap-md\utils\component-loader\component-loader.class.js.map
C:\Users\swapn\Desktop\ng-news\Ng-News\dist\out-tsc\node_modules\angular-bootstrap-md\utils\component-loader\component-loader.factory.js
C:\Users\swapn\Desktop\ng-news\Ng-News\dist\out-tsc\node_modules\angular-bootstrap-md\utils\component-loader\component-loader.factory.js.map
C:\Users\swapn\Desktop\ng-news\Ng-News\dist\out-tsc\node_modules\angular-bootstrap-md\utils\component-loader\index.js
C:\Users\swapn\Desktop\ng-news\Ng-News\dist\out-tsc\node_modules\angular-bootstrap-md\utils\component-loader\index.js.map
C:\Users\swapn\Desktop\ng-news\Ng-News\dist\out-tsc\node_modules\angular-bootstrap-md\dropdown\dropdown.config.js
C:\Users\swapn\Desktop\ng-news\Ng-News\dist\out-tsc\node_modules\angular-bootstrap-md\dropdown\dropdown.config.js.map
C:\Users\swapn\Desktop\ng-news\Ng-News\dist\out-tsc\node_modules\angular-bootstrap-md\utils\component-loader\bs-component-ref.class.js
C:\Users\swapn\Desktop\ng-news\Ng-News\dist\out-tsc\node_modules\angular-bootstrap-md\utils\component-loader\bs-component-ref.class.js.map
C:\Users\swapn\Desktop\ng-news\Ng-News\dist\out-tsc\node_modules\angular-bootstrap-md\dropdown\dropdown.state.js
C:\Users\swapn\Desktop\ng-news\Ng-News\dist\out-tsc\node_modules\angular-bootstrap-md\dropdown\dropdown.state.js.map
C:\Users\swapn\Desktop\ng-news\Ng-News\dist\out-tsc\node_modules\angular-bootstrap-md\dropdown\dropdown-container.component.js
C:\Users\swapn\Desktop\ng-news\Ng-News\dist\out-tsc\node_modules\angular-bootstrap-md\dropdown\dropdown-container.component.js.map
C:\Users\swapn\Desktop\ng-news\Ng-News\dist\out-tsc\node_modules\angular-bootstrap-md\utils\facade\browser.js
C:\Users\swapn\Desktop\ng-news\Ng-News\dist\out-tsc\node_modules\angular-bootstrap-md\utils\facade\browser.js.map
C:\Users\swapn\Desktop\ng-news\Ng-News\dist\out-tsc\node_modules\angular-bootstrap-md\utils\ng2-bootstrap-config.js
C:\Users\swapn\Desktop\ng-news\Ng-News\dist\out-tsc\node_modules\angular-bootstrap-md\utils\ng2-bootstrap-config.js.map
C:\Users\swapn\Desktop\ng-news\Ng-News\dist\out-tsc\node_modules\angular-bootstrap-md\dropdown\dropdown.directive.js
C:\Users\swapn\Desktop\ng-news\Ng-News\dist\out-tsc\node_modules\angular-bootstrap-md\dropdown\dropdown.directive.js.map
C:\Users\swapn\Desktop\ng-news\Ng-News\dist\out-tsc\node_modules\angular-bootstrap-md\dropdown\dropdown-menu.directive.js
C:\Users\swapn\Desktop\ng-news\Ng-News\dist\out-tsc\node_modules\angular-bootstrap-md\dropdown\dropdown-menu.directive.js.map
C:\Users\swapn\Desktop\ng-news\Ng-News\dist\out-tsc\node_modules\angular-bootstrap-md\dropdown\dropdown-toggle.directive.js
C:\Users\swapn\Desktop\ng-news\Ng-News\dist\out-tsc\node_modules\angular-bootstrap-md\dropdown\dropdown-toggle.directive.js.map
C:\Users\swapn\Desktop\ng-news\Ng-News\dist\out-tsc\node_modules\angular-bootstrap-md\dropdown\dropdown.module.js
C:\Users\swapn\Desktop\ng-news\Ng-News\dist\out-tsc\node_modules\angular-bootstrap-md\dropdown\dropdown.module.js.map
C:\Users\swapn\Desktop\ng-news\Ng-News\dist\out-tsc\node_modules\angular-bootstrap-md\dropdown\index.js
C:\Users\swapn\Desktop\ng-news\Ng-News\dist\out-tsc\node_modules\angular-bootstrap-md\dropdown\index.js.map
C:\Users\swapn\Desktop\ng-news\Ng-News\dist\out-tsc\node_modules\angular-bootstrap-md\utils\decorators.js
C:\Users\swapn\Desktop\ng-news\Ng-News\dist\out-tsc\node_modules\angular-bootstrap-md\utils\decorators.js.map
C:\Users\swapn\Desktop\ng-news\Ng-News\dist\out-tsc\node_modules\angular-bootstrap-md\utils\linked-list.class.js
C:\Users\swapn\Desktop\ng-news\Ng-News\dist\out-tsc\node_modules\angular-bootstrap-md\utils\linked-list.class.js.map
C:\Users\swapn\Desktop\ng-news\Ng-News\dist\out-tsc\node_modules\angular-bootstrap-md\utils\utils.class.js
C:\Users\swapn\Desktop\ng-news\Ng-News\dist\out-tsc\node_modules\angular-bootstrap-md\utils\utils.class.js.map
C:\Users\swapn\Desktop\ng-news\Ng-News\dist\out-tsc\node_modules\angular-bootstrap-md\utils\index.js
C:\Users\swapn\Desktop\ng-news\Ng-News\dist\out-tsc\node_modules\angular-bootstrap-md\utils\index.js.map
C:\Users\swapn\Desktop\ng-news\Ng-News\dist\out-tsc\node_modules\angular-bootstrap-md\carousel\slide.component.js
C:\Users\swapn\Desktop\ng-news\Ng-News\dist\out-tsc\node_modules\angular-bootstrap-md\carousel\slide.component.js.map
C:\Users\swapn\Desktop\ng-news\Ng-News\dist\out-tsc\node_modules\angular-bootstrap-md\carousel\carousel.config.js
C:\Users\swapn\Desktop\ng-news\Ng-News\dist\out-tsc\node_modules\angular-bootstrap-md\carousel\carousel.config.js.map
C:\Users\swapn\Desktop\ng-news\Ng-News\dist\out-tsc\node_modules\angular-bootstrap-md\carousel\carousel.component.js
C:\Users\swapn\Desktop\ng-news\Ng-News\dist\out-tsc\node_modules\angular-bootstrap-md\carousel\carousel.component.js.map
C:\Users\swapn\Desktop\ng-news\Ng-News\dist\out-tsc\node_modules\angular-bootstrap-md\carousel\carousel.module.js
C:\Users\swapn\Desktop\ng-news\Ng-News\dist\out-tsc\node_modules\angular-bootstrap-md\carousel\carousel.module.js.map
C:\Users\swapn\Desktop\ng-news\Ng-News\dist\out-tsc\node_modules\angular-bootstrap-md\carousel\index.js
C:\Users\swapn\Desktop\ng-news\Ng-News\dist\out-tsc\node_modules\angular-bootstrap-md\carousel\index.js.map
C:\Users\swapn\Desktop\ng-news\Ng-News\dist\out-tsc\node_modules\angular-bootstrap-md\charts\color.service.js
C:\Users\swapn\Desktop\ng-news\Ng-News\dist\out-tsc\node_modules\angular-bootstrap-md\charts\color.service.js.map
C:\Users\swapn\Desktop\ng-news\Ng-News\dist\out-tsc\node_modules\angular-bootstrap-md\charts\colors.service.js
C:\Users\swapn\Desktop\ng-news\Ng-News\dist\out-tsc\node_modules\angular-bootstrap-md\charts\colors.service.js.map
C:\Users\swapn\Desktop\ng-news\Ng-News\dist\out-tsc\node_modules\angular-bootstrap-md\charts\chart.directive.js
C:\Users\swapn\Desktop\ng-news\Ng-News\dist\out-tsc\node_modules\angular-bootstrap-md\charts\chart.directive.js.map
C:\Users\swapn\Desktop\ng-news\Ng-News\dist\out-tsc\node_modules\angular-bootstrap-md\charts\chart.module.js
C:\Users\swapn\Desktop\ng-news\Ng-News\dist\out-tsc\node_modules\angular-bootstrap-md\charts\chart.module.js.map
C:\Users\swapn\Desktop\ng-news\Ng-News\dist\out-tsc\node_modules\angular-bootstrap-md\charts\index.js
C:\Users\swapn\Desktop\ng-news\Ng-News\dist\out-tsc\node_modules\angular-bootstrap-md\charts\index.js.map
C:\Users\swapn\Desktop\ng-news\Ng-News\dist\out-tsc\node_modules\angular-bootstrap-md\collapse\collapse.directive.js
C:\Users\swapn\Desktop\ng-news\Ng-News\dist\out-tsc\node_modules\angular-bootstrap-md\collapse\collapse.directive.js.map
C:\Users\swapn\Desktop\ng-news\Ng-News\dist\out-tsc\node_modules\angular-bootstrap-md\collapse\collapse.module.js
C:\Users\swapn\Desktop\ng-news\Ng-News\dist\out-tsc\node_modules\angular-bootstrap-md\collapse\collapse.module.js.map
C:\Users\swapn\Desktop\ng-news\Ng-News\dist\out-tsc\node_modules\angular-bootstrap-md\collapse\index.js
C:\Users\swapn\Desktop\ng-news\Ng-News\dist\out-tsc\node_modules\angular-bootstrap-md\collapse\index.js.map
C:\Users\swapn\Desktop\ng-news\Ng-News\dist\out-tsc\node_modules\angular-bootstrap-md\modals\modal.options.js
C:\Users\swapn\Desktop\ng-news\Ng-News\dist\out-tsc\node_modules\angular-bootstrap-md\modals\modal.options.js.map
C:\Users\swapn\Desktop\ng-news\Ng-News\dist\out-tsc\node_modules\angular-bootstrap-md\modals\modalBackdrop.component.js
C:\Users\swapn\Desktop\ng-news\Ng-News\dist\out-tsc\node_modules\angular-bootstrap-md\modals\modalBackdrop.component.js.map
C:\Users\swapn\Desktop\ng-news\Ng-News\dist\out-tsc\node_modules\angular-bootstrap-md\modals\modal.directive.js
C:\Users\swapn\Desktop\ng-news\Ng-News\dist\out-tsc\node_modules\angular-bootstrap-md\modals\modal.directive.js.map
C:\Users\swapn\Desktop\ng-news\Ng-News\dist\out-tsc\node_modules\angular-bootstrap-md\modals\modalService.config.js
C:\Users\swapn\Desktop\ng-news\Ng-News\dist\out-tsc\node_modules\angular-bootstrap-md\modals\modalService.config.js.map
C:\Users\swapn\Desktop\ng-news\Ng-News\dist\out-tsc\node_modules\angular-bootstrap-md\modals\modalContainer.component.js
C:\Users\swapn\Desktop\ng-news\Ng-News\dist\out-tsc\node_modules\angular-bootstrap-md\modals\modalContainer.component.js.map
C:\Users\swapn\Desktop\ng-news\Ng-News\dist\out-tsc\node_modules\angular-bootstrap-md\modals\modal.service.js
C:\Users\swapn\Desktop\ng-news\Ng-News\dist\out-tsc\node_modules\angular-bootstrap-md\modals\modal.service.js.map
C:\Users\swapn\Desktop\ng-news\Ng-News\dist\out-tsc\node_modules\angular-bootstrap-md\modals\modal.module.js
C:\Users\swapn\Desktop\ng-news\Ng-News\dist\out-tsc\node_modules\angular-bootstrap-md\modals\modal.module.js.map
C:\Users\swapn\Desktop\ng-news\Ng-News\dist\out-tsc\node_modules\angular-bootstrap-md\modals\index.js
C:\Users\swapn\Desktop\ng-news\Ng-News\dist\out-tsc\node_modules\angular-bootstrap-md\modals\index.js.map
C:\Users\swapn\Desktop\ng-news\Ng-News\dist\out-tsc\node_modules\angular-bootstrap-md\tooltip\tooltip.service.js
C:\Users\swapn\Desktop\ng-news\Ng-News\dist\out-tsc\node_modules\angular-bootstrap-md\tooltip\tooltip.service.js.map
C:\Users\swapn\Desktop\ng-news\Ng-News\dist\out-tsc\node_modules\angular-bootstrap-md\tooltip\tooltip.component.js
C:\Users\swapn\Desktop\ng-news\Ng-News\dist\out-tsc\node_modules\angular-bootstrap-md\tooltip\tooltip.component.js.map
C:\Users\swapn\Desktop\ng-news\Ng-News\dist\out-tsc\node_modules\angular-bootstrap-md\tooltip\tooltip.directive.js
C:\Users\swapn\Desktop\ng-news\Ng-News\dist\out-tsc\node_modules\angular-bootstrap-md\tooltip\tooltip.directive.js.map
C:\Users\swapn\Desktop\ng-news\Ng-News\dist\out-tsc\node_modules\angular-bootstrap-md\tooltip\tooltip.module.js
C:\Users\swapn\Desktop\ng-news\Ng-News\dist\out-tsc\node_modules\angular-bootstrap-md\tooltip\tooltip.module.js.map
C:\Users\swapn\Desktop\ng-news\Ng-News\dist\out-tsc\node_modules\angular-bootstrap-md\tooltip\index.js
C:\Users\swapn\Desktop\ng-news\Ng-News\dist\out-tsc\node_modules\angular-bootstrap-md\tooltip\index.js.map
C:\Users\swapn\Desktop\ng-news\Ng-News\dist\out-tsc\node_modules\angular-bootstrap-md\popover\popover.config.js
C:\Users\swapn\Desktop\ng-news\Ng-News\dist\out-tsc\node_modules\angular-bootstrap-md\popover\popover.config.js.map
C:\Users\swapn\Desktop\ng-news\Ng-News\dist\out-tsc\node_modules\angular-bootstrap-md\popover\popover-container.component.js
C:\Users\swapn\Desktop\ng-news\Ng-News\dist\out-tsc\node_modules\angular-bootstrap-md\popover\popover-container.component.js.map
C:\Users\swapn\Desktop\ng-news\Ng-News\dist\out-tsc\node_modules\angular-bootstrap-md\popover\popover.directive.js
C:\Users\swapn\Desktop\ng-news\Ng-News\dist\out-tsc\node_modules\angular-bootstrap-md\popover\popover.directive.js.map
C:\Users\swapn\Desktop\ng-news\Ng-News\dist\out-tsc\node_modules\angular-bootstrap-md\popover\popover.module.js
C:\Users\swapn\Desktop\ng-news\Ng-News\dist\out-tsc\node_modules\angular-bootstrap-md\popover\popover.module.js.map
C:\Users\swapn\Desktop\ng-news\Ng-News\dist\out-tsc\node_modules\angular-bootstrap-md\popover\index.js
C:\Users\swapn\Desktop\ng-news\Ng-News\dist\out-tsc\node_modules\angular-bootstrap-md\popover\index.js.map
C:\Users\swapn\Desktop\ng-news\Ng-News\dist\out-tsc\node_modules\angular-bootstrap-md\index.js
C:\Users\swapn\Desktop\ng-news\Ng-News\dist\out-tsc\node_modules\angular-bootstrap-md\index.js.map
C:\Users\swapn\Desktop\ng-news\Ng-News\dist\out-tsc\src\app\shared\modals\searchboxquery-modal.js
C:\Users\swapn\Desktop\ng-news\Ng-News\dist\out-tsc\src\app\shared\modals\searchboxquery-modal.js.map
C:\Users\swapn\Desktop\ng-news\Ng-News\dist\out-tsc\src\app\shared\modals\userinfo.js
C:\Users\swapn\Desktop\ng-news\Ng-News\dist\out-tsc\src\app\shared\modals\userinfo.js.map
C:\Users\swapn\Desktop\ng-news\Ng-News\dist\out-tsc\src\app\shared\services\auth.service.js
C:\Users\swapn\Desktop\ng-news\Ng-News\dist\out-tsc\src\app\shared\services\auth.service.js.map
C:\Users\swapn\Desktop\ng-news\Ng-News\dist\out-tsc\src\app\dashboard\dashboard.component.js
C:\Users\swapn\Desktop\ng-news\Ng-News\dist\out-tsc\src\app\dashboard\dashboard.component.js.map
C:\Users\swapn\Desktop\ng-news\Ng-News\dist\out-tsc\src\app\sidenav\sidenav.component.js
C:\Users\swapn\Desktop\ng-news\Ng-News\dist\out-tsc\src\app\sidenav\sidenav.component.js.map
C:\Users\swapn\Desktop\ng-news\Ng-News\dist\out-tsc\src\app\topnav\topnav.component.js
C:\Users\swapn\Desktop\ng-news\Ng-News\dist\out-tsc\src\app\topnav\topnav.component.js.map
C:\Users\swapn\Desktop\ng-news\Ng-News\dist\out-tsc\src\app\news\category-news\category-news.component.js
C:\Users\swapn\Desktop\ng-news\Ng-News\dist\out-tsc\src\app\news\category-news\category-news.component.js.map
C:\Users\swapn\Desktop\ng-news\Ng-News\dist\out-tsc\src\app\news\breaking-news\breaking-news.component.js
C:\Users\swapn\Desktop\ng-news\Ng-News\dist\out-tsc\src\app\news\breaking-news\breaking-news.component.js.map
C:\Users\swapn\Desktop\ng-news\Ng-News\dist\out-tsc\src\app\news\breaking-news\breaking-news-article\breaking-news-article.component.js
C:\Users\swapn\Desktop\ng-news\Ng-News\dist\out-tsc\src\app\news\breaking-news\breaking-news-article\breaking-news-article.component.js.map
C:\Users\swapn\Desktop\ng-news\Ng-News\dist\out-tsc\src\app\news\category-news\category-news-article\category-news-article.component.js
C:\Users\swapn\Desktop\ng-news\Ng-News\dist\out-tsc\src\app\news\category-news\category-news-article\category-news-article.component.js.map
C:\Users\swapn\Desktop\ng-news\Ng-News\dist\out-tsc\src\app\source\source.component.js
C:\Users\swapn\Desktop\ng-news\Ng-News\dist\out-tsc\src\app\source\source.component.js.map
C:\Users\swapn\Desktop\ng-news\Ng-News\dist\out-tsc\src\app\shared\Pipes\safe-pipe.js
C:\Users\swapn\Desktop\ng-news\Ng-News\dist\out-tsc\src\app\shared\Pipes\safe-pipe.js.map
C:\Users\swapn\Desktop\ng-news\Ng-News\dist\out-tsc\src\app\shared\Pipes\temperature-converter-pipe.js
C:\Users\swapn\Desktop\ng-news\Ng-News\dist\out-tsc\src\app\shared\Pipes\temperature-converter-pipe.js.map
C:\Users\swapn\Desktop\ng-news\Ng-News\dist\out-tsc\src\app\dashboard\dashboard-article\dashboard-article.component.js
C:\Users\swapn\Desktop\ng-news\Ng-News\dist\out-tsc\src\app\dashboard\dashboard-article\dashboard-article.component.js.map
C:\Users\swapn\Desktop\ng-news\Ng-News\dist\out-tsc\src\app\shared\custom-directives\loop-directive.directive.js
C:\Users\swapn\Desktop\ng-news\Ng-News\dist\out-tsc\src\app\shared\custom-directives\loop-directive.directive.js.map
C:\Users\swapn\Desktop\ng-news\Ng-News\dist\out-tsc\src\app\shared\pagination\pagination.component.js
C:\Users\swapn\Desktop\ng-news\Ng-News\dist\out-tsc\src\app\shared\pagination\pagination.component.js.map
C:\Users\swapn\Desktop\ng-news\Ng-News\dist\out-tsc\src\app\shared\search-box\search-box.component.js
C:\Users\swapn\Desktop\ng-news\Ng-News\dist\out-tsc\src\app\shared\search-box\search-box.component.js.map
C:\Users\swapn\Desktop\ng-news\Ng-News\dist\out-tsc\src\app\shared\polyfills.js
C:\Users\swapn\Desktop\ng-news\Ng-News\dist\out-tsc\src\app\shared\polyfills.js.map
C:\Users\swapn\Desktop\ng-news\Ng-News\dist\out-tsc\src\app\shared\modules\material\material.module.js
C:\Users\swapn\Desktop\ng-news\Ng-News\dist\out-tsc\src\app\shared\modules\material\material.module.js.map
C:\Users\swapn\Desktop\ng-news\Ng-News\dist\out-tsc\src\app\news\category-news\category-home\category-home.component.js
C:\Users\swapn\Desktop\ng-news\Ng-News\dist\out-tsc\src\app\news\category-news\category-home\category-home.component.js.map
C:\Users\swapn\Desktop\ng-news\Ng-News\dist\out-tsc\src\app\sidenav\sidenav-main\sidenav-main.component.js
C:\Users\swapn\Desktop\ng-news\Ng-News\dist\out-tsc\src\app\sidenav\sidenav-main\sidenav-main.component.js.map
C:\Users\swapn\Desktop\ng-news\Ng-News\dist\out-tsc\src\app\user\login\login.component.js
C:\Users\swapn\Desktop\ng-news\Ng-News\dist\out-tsc\src\app\user\login\login.component.js.map
C:\Users\swapn\Desktop\ng-news\Ng-News\dist\out-tsc\src\app\shared\modals\cities-search.js
C:\Users\swapn\Desktop\ng-news\Ng-News\dist\out-tsc\src\app\shared\modals\cities-search.js.map
C:\Users\swapn\Desktop\ng-news\Ng-News\dist\out-tsc\src\app\shared\services\places-api.service.js
C:\Users\swapn\Desktop\ng-news\Ng-News\dist\out-tsc\src\app\shared\services\places-api.service.js.map
C:\Users\swapn\Desktop\ng-news\Ng-News\dist\out-tsc\src\app\user\signup\signup.component.js
C:\Users\swapn\Desktop\ng-news\Ng-News\dist\out-tsc\src\app\user\signup\signup.component.js.map
C:\Users\swapn\Desktop\ng-news\Ng-News\dist\out-tsc\src\socialloginConfig.js
C:\Users\swapn\Desktop\ng-news\Ng-News\dist\out-tsc\src\socialloginConfig.js.map
C:\Users\swapn\Desktop\ng-news\Ng-News\dist\out-tsc\src\app\user\user-details\user-details.component.js
C:\Users\swapn\Desktop\ng-news\Ng-News\dist\out-tsc\src\app\user\user-details\user-details.component.js.map
C:\Users\swapn\Desktop\ng-news\Ng-News\dist\out-tsc\src\app\app.module.js
C:\Users\swapn\Desktop\ng-news\Ng-News\dist\out-tsc\src\app\app.module.js.map
C:\Users\swapn\Desktop\ng-news\Ng-News\dist\out-tsc\src\environments\environment.js
C:\Users\swapn\Desktop\ng-news\Ng-News\dist\out-tsc\src\environments\environment.js.map
C:\Users\swapn\Desktop\ng-news\Ng-News\dist\out-tsc\src\main.js
C:\Users\swapn\Desktop\ng-news\Ng-News\dist\out-tsc\src\main.js.map
C:\Users\swapn\Desktop\ng-news\Ng-News\dist\out-tsc\src\polyfills.js
C:\Users\swapn\Desktop\ng-news\Ng-News\dist\out-tsc\src\polyfills.js.map
C:\Users\swapn\Desktop\ng-news\Ng-News\dist\out-tsc\src\test.js
C:\Users\swapn\Desktop\ng-news\Ng-News\dist\out-tsc\src\test.js.map
C:\Users\swapn\Desktop\ng-news\Ng-News\dist\out-tsc\src\environments\environment.prod.js
C:\Users\swapn\Desktop\ng-news\Ng-News\dist\out-tsc\src\environments\environment.prod.js.map
C:\Users\swapn\Desktop\ng-news\Ng-News\dist\out-tsc\src\app\app.component.spec.js
C:\Users\swapn\Desktop\ng-news\Ng-News\dist\out-tsc\src\app\app.component.spec.js.map
